INFO - 2025-01-23 15:08:56 --> Session: Class initialized using 'CodeIgniter\Session\Handlers\FileHandler' driver.
WARNING - 2025-01-23 15:08:56 --> [DEPRECATED] Creation of dynamic property App\Controllers\HomeController::$session is deprecated in APPPATH\Controllers\BaseController.php on line 59.
 1 SYSTEMPATH\CodeIgniter.php(904): App\Controllers\BaseController->initController(Object(CodeIgniter\HTTP\IncomingRequest), Object(CodeIgniter\HTTP\Response), Object(CodeIgniter\Log\Logger))
 2 SYSTEMPATH\CodeIgniter.php(500): CodeIgniter\CodeIgniter->createController()
 3 SYSTEMPATH\CodeIgniter.php(355): CodeIgniter\CodeIgniter->handleRequest(null, Object(Config\Cache), false)
 4 SYSTEMPATH\Boot.php(325): CodeIgniter\CodeIgniter->run()
 5 SYSTEMPATH\Boot.php(67): CodeIgniter\Boot::runCodeIgniter(Object(CodeIgniter\CodeIgniter))
 6 FCPATH\index.php(56): CodeIgniter\Boot::bootWeb(Object(Config\Paths))
WARNING - 2025-01-23 15:08:56 --> Session: Sessions is enabled, and one exists. Please don't $session->start();
INFO - 2025-01-23 15:22:10 --> Session: Class initialized using 'CodeIgniter\Session\Handlers\FileHandler' driver.
WARNING - 2025-01-23 15:22:10 --> [DEPRECATED] Creation of dynamic property App\Controllers\HomeController::$session is deprecated in APPPATH\Controllers\BaseController.php on line 59.
 1 SYSTEMPATH\CodeIgniter.php(904): App\Controllers\BaseController->initController(Object(CodeIgniter\HTTP\IncomingRequest), Object(CodeIgniter\HTTP\Response), Object(CodeIgniter\Log\Logger))
 2 SYSTEMPATH\CodeIgniter.php(500): CodeIgniter\CodeIgniter->createController()
 3 SYSTEMPATH\CodeIgniter.php(355): CodeIgniter\CodeIgniter->handleRequest(null, Object(Config\Cache), false)
 4 SYSTEMPATH\Boot.php(325): CodeIgniter\CodeIgniter->run()
 5 SYSTEMPATH\Boot.php(67): CodeIgniter\Boot::runCodeIgniter(Object(CodeIgniter\CodeIgniter))
 6 FCPATH\index.php(56): CodeIgniter\Boot::bootWeb(Object(Config\Paths))
WARNING - 2025-01-23 15:22:10 --> Session: Sessions is enabled, and one exists. Please don't $session->start();
INFO - 2025-01-23 15:22:34 --> Session: Class initialized using 'CodeIgniter\Session\Handlers\FileHandler' driver.
WARNING - 2025-01-23 15:22:34 --> [DEPRECATED] Creation of dynamic property App\Controllers\Auth::$session is deprecated in APPPATH\Controllers\BaseController.php on line 59.
 1 SYSTEMPATH\CodeIgniter.php(904): App\Controllers\BaseController->initController(Object(CodeIgniter\HTTP\IncomingRequest), Object(CodeIgniter\HTTP\Response), Object(CodeIgniter\Log\Logger))
 2 SYSTEMPATH\CodeIgniter.php(500): CodeIgniter\CodeIgniter->createController()
 3 SYSTEMPATH\CodeIgniter.php(355): CodeIgniter\CodeIgniter->handleRequest(null, Object(Config\Cache), false)
 4 SYSTEMPATH\Boot.php(325): CodeIgniter\CodeIgniter->run()
 5 SYSTEMPATH\Boot.php(67): CodeIgniter\Boot::runCodeIgniter(Object(CodeIgniter\CodeIgniter))
 6 FCPATH\index.php(56): CodeIgniter\Boot::bootWeb(Object(Config\Paths))
WARNING - 2025-01-23 15:22:34 --> Session: Sessions is enabled, and one exists. Please don't $session->start();
WARNING - 2025-01-23 15:22:44 --> [DEPRECATED] Return type of Google_Model::offsetExists($offset) should either be compatible with ArrayAccess::offsetExists(mixed $offset): bool, or the #[\ReturnTypeWillChange] attribute should be used to temporarily suppress the notice in APPPATH\Libraries\vendor\google\apiclient\src\Google\Model.php on line 249.
 1 VENDORPATH\composer\ClassLoader.php(576): include('D:\\XAMPP\\htdocs\\attendance_system\\app\\Libraries\\vendor\\google\\apiclient\\src\\Google\\Model.php')
 2 VENDORPATH\composer\ClassLoader.php(427): Composer\Autoload\{closure}('D:\\XAMPP\\htdocs\\attendance_system\\app\\Libraries\\vendor\\composer/../google/apiclient/src\\Google\\Model.php')
 3 [internal function]: Composer\Autoload\ClassLoader->loadClass('Google_Model')
 4 APPPATH\Libraries\vendor\google\apiclient-services\autoload.php(21): class_alias('Google_Model', 'Google\\Model')
 5 APPPATH\Libraries\vendor\composer\autoload_real.php(41): require('D:\\XAMPP\\htdocs\\attendance_system\\app\\Libraries\\vendor\\google\\apiclient-services\\autoload.php')
 6 APPPATH\Libraries\vendor\composer\autoload_real.php(45): {closure}('1f87db08236948d07391152dccb70f04', 'D:\\XAMPP\\htdocs\\attendance_system\\app\\Libraries\\vendor\\composer/../google/apiclient-services/autoload.php')
 7 APPPATH\Libraries\vendor\autoload.php(25): ComposerAutoloaderInit770f7a45e3964107abb4198a4ba5b018::getLoader()
 8 APPPATH\Controllers\GoogleLogin.php(16): require_once('D:\\XAMPP\\htdocs\\attendance_system\\app\\Libraries\\vendor\\autoload.php')
 9 SYSTEMPATH\CodeIgniter.php(903): App\Controllers\GoogleLogin->__construct()
10 SYSTEMPATH\CodeIgniter.php(500): CodeIgniter\CodeIgniter->createController()
11 SYSTEMPATH\CodeIgniter.php(355): CodeIgniter\CodeIgniter->handleRequest(null, Object(Config\Cache), false)
12 SYSTEMPATH\Boot.php(325): CodeIgniter\CodeIgniter->run()
13 SYSTEMPATH\Boot.php(67): CodeIgniter\Boot::runCodeIgniter(Object(CodeIgniter\CodeIgniter))
14 FCPATH\index.php(56): CodeIgniter\Boot::bootWeb(Object(Config\Paths))
WARNING - 2025-01-23 15:22:44 --> [DEPRECATED] Return type of Google_Model::offsetGet($offset) should either be compatible with ArrayAccess::offsetGet(mixed $offset): mixed, or the #[\ReturnTypeWillChange] attribute should be used to temporarily suppress the notice in APPPATH\Libraries\vendor\google\apiclient\src\Google\Model.php on line 254.
 1 VENDORPATH\composer\ClassLoader.php(576): include('D:\\XAMPP\\htdocs\\attendance_system\\app\\Libraries\\vendor\\google\\apiclient\\src\\Google\\Model.php')
 2 VENDORPATH\composer\ClassLoader.php(427): Composer\Autoload\{closure}('D:\\XAMPP\\htdocs\\attendance_system\\app\\Libraries\\vendor\\composer/../google/apiclient/src\\Google\\Model.php')
 3 [internal function]: Composer\Autoload\ClassLoader->loadClass('Google_Model')
 4 APPPATH\Libraries\vendor\google\apiclient-services\autoload.php(21): class_alias('Google_Model', 'Google\\Model')
 5 APPPATH\Libraries\vendor\composer\autoload_real.php(41): require('D:\\XAMPP\\htdocs\\attendance_system\\app\\Libraries\\vendor\\google\\apiclient-services\\autoload.php')
 6 APPPATH\Libraries\vendor\composer\autoload_real.php(45): {closure}('1f87db08236948d07391152dccb70f04', 'D:\\XAMPP\\htdocs\\attendance_system\\app\\Libraries\\vendor\\composer/../google/apiclient-services/autoload.php')
 7 APPPATH\Libraries\vendor\autoload.php(25): ComposerAutoloaderInit770f7a45e3964107abb4198a4ba5b018::getLoader()
 8 APPPATH\Controllers\GoogleLogin.php(16): require_once('D:\\XAMPP\\htdocs\\attendance_system\\app\\Libraries\\vendor\\autoload.php')
 9 SYSTEMPATH\CodeIgniter.php(903): App\Controllers\GoogleLogin->__construct()
10 SYSTEMPATH\CodeIgniter.php(500): CodeIgniter\CodeIgniter->createController()
11 SYSTEMPATH\CodeIgniter.php(355): CodeIgniter\CodeIgniter->handleRequest(null, Object(Config\Cache), false)
12 SYSTEMPATH\Boot.php(325): CodeIgniter\CodeIgniter->run()
13 SYSTEMPATH\Boot.php(67): CodeIgniter\Boot::runCodeIgniter(Object(CodeIgniter\CodeIgniter))
14 FCPATH\index.php(56): CodeIgniter\Boot::bootWeb(Object(Config\Paths))
WARNING - 2025-01-23 15:22:44 --> [DEPRECATED] Return type of Google_Model::offsetSet($offset, $value) should either be compatible with ArrayAccess::offsetSet(mixed $offset, mixed $value): void, or the #[\ReturnTypeWillChange] attribute should be used to temporarily suppress the notice in APPPATH\Libraries\vendor\google\apiclient\src\Google\Model.php on line 261.
 1 VENDORPATH\composer\ClassLoader.php(576): include('D:\\XAMPP\\htdocs\\attendance_system\\app\\Libraries\\vendor\\google\\apiclient\\src\\Google\\Model.php')
 2 VENDORPATH\composer\ClassLoader.php(427): Composer\Autoload\{closure}('D:\\XAMPP\\htdocs\\attendance_system\\app\\Libraries\\vendor\\composer/../google/apiclient/src\\Google\\Model.php')
 3 [internal function]: Composer\Autoload\ClassLoader->loadClass('Google_Model')
 4 APPPATH\Libraries\vendor\google\apiclient-services\autoload.php(21): class_alias('Google_Model', 'Google\\Model')
 5 APPPATH\Libraries\vendor\composer\autoload_real.php(41): require('D:\\XAMPP\\htdocs\\attendance_system\\app\\Libraries\\vendor\\google\\apiclient-services\\autoload.php')
 6 APPPATH\Libraries\vendor\composer\autoload_real.php(45): {closure}('1f87db08236948d07391152dccb70f04', 'D:\\XAMPP\\htdocs\\attendance_system\\app\\Libraries\\vendor\\composer/../google/apiclient-services/autoload.php')
 7 APPPATH\Libraries\vendor\autoload.php(25): ComposerAutoloaderInit770f7a45e3964107abb4198a4ba5b018::getLoader()
 8 APPPATH\Controllers\GoogleLogin.php(16): require_once('D:\\XAMPP\\htdocs\\attendance_system\\app\\Libraries\\vendor\\autoload.php')
 9 SYSTEMPATH\CodeIgniter.php(903): App\Controllers\GoogleLogin->__construct()
10 SYSTEMPATH\CodeIgniter.php(500): CodeIgniter\CodeIgniter->createController()
11 SYSTEMPATH\CodeIgniter.php(355): CodeIgniter\CodeIgniter->handleRequest(null, Object(Config\Cache), false)
12 SYSTEMPATH\Boot.php(325): CodeIgniter\CodeIgniter->run()
13 SYSTEMPATH\Boot.php(67): CodeIgniter\Boot::runCodeIgniter(Object(CodeIgniter\CodeIgniter))
14 FCPATH\index.php(56): CodeIgniter\Boot::bootWeb(Object(Config\Paths))
WARNING - 2025-01-23 15:22:44 --> [DEPRECATED] Return type of Google_Model::offsetUnset($offset) should either be compatible with ArrayAccess::offsetUnset(mixed $offset): void, or the #[\ReturnTypeWillChange] attribute should be used to temporarily suppress the notice in APPPATH\Libraries\vendor\google\apiclient\src\Google\Model.php on line 271.
 1 VENDORPATH\composer\ClassLoader.php(576): include('D:\\XAMPP\\htdocs\\attendance_system\\app\\Libraries\\vendor\\google\\apiclient\\src\\Google\\Model.php')
 2 VENDORPATH\composer\ClassLoader.php(427): Composer\Autoload\{closure}('D:\\XAMPP\\htdocs\\attendance_system\\app\\Libraries\\vendor\\composer/../google/apiclient/src\\Google\\Model.php')
 3 [internal function]: Composer\Autoload\ClassLoader->loadClass('Google_Model')
 4 APPPATH\Libraries\vendor\google\apiclient-services\autoload.php(21): class_alias('Google_Model', 'Google\\Model')
 5 APPPATH\Libraries\vendor\composer\autoload_real.php(41): require('D:\\XAMPP\\htdocs\\attendance_system\\app\\Libraries\\vendor\\google\\apiclient-services\\autoload.php')
 6 APPPATH\Libraries\vendor\composer\autoload_real.php(45): {closure}('1f87db08236948d07391152dccb70f04', 'D:\\XAMPP\\htdocs\\attendance_system\\app\\Libraries\\vendor\\composer/../google/apiclient-services/autoload.php')
 7 APPPATH\Libraries\vendor\autoload.php(25): ComposerAutoloaderInit770f7a45e3964107abb4198a4ba5b018::getLoader()
 8 APPPATH\Controllers\GoogleLogin.php(16): require_once('D:\\XAMPP\\htdocs\\attendance_system\\app\\Libraries\\vendor\\autoload.php')
 9 SYSTEMPATH\CodeIgniter.php(903): App\Controllers\GoogleLogin->__construct()
10 SYSTEMPATH\CodeIgniter.php(500): CodeIgniter\CodeIgniter->createController()
11 SYSTEMPATH\CodeIgniter.php(355): CodeIgniter\CodeIgniter->handleRequest(null, Object(Config\Cache), false)
12 SYSTEMPATH\Boot.php(325): CodeIgniter\CodeIgniter->run()
13 SYSTEMPATH\Boot.php(67): CodeIgniter\Boot::runCodeIgniter(Object(CodeIgniter\CodeIgniter))
14 FCPATH\index.php(56): CodeIgniter\Boot::bootWeb(Object(Config\Paths))
WARNING - 2025-01-23 15:22:44 --> [DEPRECATED] Return type of Google_Collection::current() should either be compatible with Iterator::current(): mixed, or the #[\ReturnTypeWillChange] attribute should be used to temporarily suppress the notice in APPPATH\Libraries\vendor\google\apiclient\src\Google\Collection.php on line 24.
 1 VENDORPATH\composer\ClassLoader.php(576): include('D:\\XAMPP\\htdocs\\attendance_system\\app\\Libraries\\vendor\\google\\apiclient\\src\\Google\\Collection.php')
 2 VENDORPATH\composer\ClassLoader.php(427): Composer\Autoload\{closure}('D:\\XAMPP\\htdocs\\attendance_system\\app\\Libraries\\vendor\\composer/../google/apiclient/src\\Google\\Collection.php')
 3 [internal function]: Composer\Autoload\ClassLoader->loadClass('Google_Collection')
 4 APPPATH\Libraries\vendor\google\apiclient-services\autoload.php(21): class_alias('Google_Collection', 'Google\\Collection')
 5 APPPATH\Libraries\vendor\composer\autoload_real.php(41): require('D:\\XAMPP\\htdocs\\attendance_system\\app\\Libraries\\vendor\\google\\apiclient-services\\autoload.php')
 6 APPPATH\Libraries\vendor\composer\autoload_real.php(45): {closure}('1f87db08236948d07391152dccb70f04', 'D:\\XAMPP\\htdocs\\attendance_system\\app\\Libraries\\vendor\\composer/../google/apiclient-services/autoload.php')
 7 APPPATH\Libraries\vendor\autoload.php(25): ComposerAutoloaderInit770f7a45e3964107abb4198a4ba5b018::getLoader()
 8 APPPATH\Controllers\GoogleLogin.php(16): require_once('D:\\XAMPP\\htdocs\\attendance_system\\app\\Libraries\\vendor\\autoload.php')
 9 SYSTEMPATH\CodeIgniter.php(903): App\Controllers\GoogleLogin->__construct()
10 SYSTEMPATH\CodeIgniter.php(500): CodeIgniter\CodeIgniter->createController()
11 SYSTEMPATH\CodeIgniter.php(355): CodeIgniter\CodeIgniter->handleRequest(null, Object(Config\Cache), false)
12 SYSTEMPATH\Boot.php(325): CodeIgniter\CodeIgniter->run()
13 SYSTEMPATH\Boot.php(67): CodeIgniter\Boot::runCodeIgniter(Object(CodeIgniter\CodeIgniter))
14 FCPATH\index.php(56): CodeIgniter\Boot::bootWeb(Object(Config\Paths))
WARNING - 2025-01-23 15:22:44 --> [DEPRECATED] Return type of Google_Collection::next() should either be compatible with Iterator::next(): void, or the #[\ReturnTypeWillChange] attribute should be used to temporarily suppress the notice in APPPATH\Libraries\vendor\google\apiclient\src\Google\Collection.php on line 40.
 1 VENDORPATH\composer\ClassLoader.php(576): include('D:\\XAMPP\\htdocs\\attendance_system\\app\\Libraries\\vendor\\google\\apiclient\\src\\Google\\Collection.php')
 2 VENDORPATH\composer\ClassLoader.php(427): Composer\Autoload\{closure}('D:\\XAMPP\\htdocs\\attendance_system\\app\\Libraries\\vendor\\composer/../google/apiclient/src\\Google\\Collection.php')
 3 [internal function]: Composer\Autoload\ClassLoader->loadClass('Google_Collection')
 4 APPPATH\Libraries\vendor\google\apiclient-services\autoload.php(21): class_alias('Google_Collection', 'Google\\Collection')
 5 APPPATH\Libraries\vendor\composer\autoload_real.php(41): require('D:\\XAMPP\\htdocs\\attendance_system\\app\\Libraries\\vendor\\google\\apiclient-services\\autoload.php')
 6 APPPATH\Libraries\vendor\composer\autoload_real.php(45): {closure}('1f87db08236948d07391152dccb70f04', 'D:\\XAMPP\\htdocs\\attendance_system\\app\\Libraries\\vendor\\composer/../google/apiclient-services/autoload.php')
 7 APPPATH\Libraries\vendor\autoload.php(25): ComposerAutoloaderInit770f7a45e3964107abb4198a4ba5b018::getLoader()
 8 APPPATH\Controllers\GoogleLogin.php(16): require_once('D:\\XAMPP\\htdocs\\attendance_system\\app\\Libraries\\vendor\\autoload.php')
 9 SYSTEMPATH\CodeIgniter.php(903): App\Controllers\GoogleLogin->__construct()
10 SYSTEMPATH\CodeIgniter.php(500): CodeIgniter\CodeIgniter->createController()
11 SYSTEMPATH\CodeIgniter.php(355): CodeIgniter\CodeIgniter->handleRequest(null, Object(Config\Cache), false)
12 SYSTEMPATH\Boot.php(325): CodeIgniter\CodeIgniter->run()
13 SYSTEMPATH\Boot.php(67): CodeIgniter\Boot::runCodeIgniter(Object(CodeIgniter\CodeIgniter))
14 FCPATH\index.php(56): CodeIgniter\Boot::bootWeb(Object(Config\Paths))
WARNING - 2025-01-23 15:22:44 --> [DEPRECATED] Return type of Google_Collection::key() should either be compatible with Iterator::key(): mixed, or the #[\ReturnTypeWillChange] attribute should be used to temporarily suppress the notice in APPPATH\Libraries\vendor\google\apiclient\src\Google\Collection.php on line 32.
 1 VENDORPATH\composer\ClassLoader.php(576): include('D:\\XAMPP\\htdocs\\attendance_system\\app\\Libraries\\vendor\\google\\apiclient\\src\\Google\\Collection.php')
 2 VENDORPATH\composer\ClassLoader.php(427): Composer\Autoload\{closure}('D:\\XAMPP\\htdocs\\attendance_system\\app\\Libraries\\vendor\\composer/../google/apiclient/src\\Google\\Collection.php')
 3 [internal function]: Composer\Autoload\ClassLoader->loadClass('Google_Collection')
 4 APPPATH\Libraries\vendor\google\apiclient-services\autoload.php(21): class_alias('Google_Collection', 'Google\\Collection')
 5 APPPATH\Libraries\vendor\composer\autoload_real.php(41): require('D:\\XAMPP\\htdocs\\attendance_system\\app\\Libraries\\vendor\\google\\apiclient-services\\autoload.php')
 6 APPPATH\Libraries\vendor\composer\autoload_real.php(45): {closure}('1f87db08236948d07391152dccb70f04', 'D:\\XAMPP\\htdocs\\attendance_system\\app\\Libraries\\vendor\\composer/../google/apiclient-services/autoload.php')
 7 APPPATH\Libraries\vendor\autoload.php(25): ComposerAutoloaderInit770f7a45e3964107abb4198a4ba5b018::getLoader()
 8 APPPATH\Controllers\GoogleLogin.php(16): require_once('D:\\XAMPP\\htdocs\\attendance_system\\app\\Libraries\\vendor\\autoload.php')
 9 SYSTEMPATH\CodeIgniter.php(903): App\Controllers\GoogleLogin->__construct()
10 SYSTEMPATH\CodeIgniter.php(500): CodeIgniter\CodeIgniter->createController()
11 SYSTEMPATH\CodeIgniter.php(355): CodeIgniter\CodeIgniter->handleRequest(null, Object(Config\Cache), false)
12 SYSTEMPATH\Boot.php(325): CodeIgniter\CodeIgniter->run()
13 SYSTEMPATH\Boot.php(67): CodeIgniter\Boot::runCodeIgniter(Object(CodeIgniter\CodeIgniter))
14 FCPATH\index.php(56): CodeIgniter\Boot::bootWeb(Object(Config\Paths))
WARNING - 2025-01-23 15:22:44 --> [DEPRECATED] Return type of Google_Collection::valid() should either be compatible with Iterator::valid(): bool, or the #[\ReturnTypeWillChange] attribute should be used to temporarily suppress the notice in APPPATH\Libraries\vendor\google\apiclient\src\Google\Collection.php on line 45.
 1 VENDORPATH\composer\ClassLoader.php(576): include('D:\\XAMPP\\htdocs\\attendance_system\\app\\Libraries\\vendor\\google\\apiclient\\src\\Google\\Collection.php')
 2 VENDORPATH\composer\ClassLoader.php(427): Composer\Autoload\{closure}('D:\\XAMPP\\htdocs\\attendance_system\\app\\Libraries\\vendor\\composer/../google/apiclient/src\\Google\\Collection.php')
 3 [internal function]: Composer\Autoload\ClassLoader->loadClass('Google_Collection')
 4 APPPATH\Libraries\vendor\google\apiclient-services\autoload.php(21): class_alias('Google_Collection', 'Google\\Collection')
 5 APPPATH\Libraries\vendor\composer\autoload_real.php(41): require('D:\\XAMPP\\htdocs\\attendance_system\\app\\Libraries\\vendor\\google\\apiclient-services\\autoload.php')
 6 APPPATH\Libraries\vendor\composer\autoload_real.php(45): {closure}('1f87db08236948d07391152dccb70f04', 'D:\\XAMPP\\htdocs\\attendance_system\\app\\Libraries\\vendor\\composer/../google/apiclient-services/autoload.php')
 7 APPPATH\Libraries\vendor\autoload.php(25): ComposerAutoloaderInit770f7a45e3964107abb4198a4ba5b018::getLoader()
 8 APPPATH\Controllers\GoogleLogin.php(16): require_once('D:\\XAMPP\\htdocs\\attendance_system\\app\\Libraries\\vendor\\autoload.php')
 9 SYSTEMPATH\CodeIgniter.php(903): App\Controllers\GoogleLogin->__construct()
10 SYSTEMPATH\CodeIgniter.php(500): CodeIgniter\CodeIgniter->createController()
11 SYSTEMPATH\CodeIgniter.php(355): CodeIgniter\CodeIgniter->handleRequest(null, Object(Config\Cache), false)
12 SYSTEMPATH\Boot.php(325): CodeIgniter\CodeIgniter->run()
13 SYSTEMPATH\Boot.php(67): CodeIgniter\Boot::runCodeIgniter(Object(CodeIgniter\CodeIgniter))
14 FCPATH\index.php(56): CodeIgniter\Boot::bootWeb(Object(Config\Paths))
WARNING - 2025-01-23 15:22:44 --> [DEPRECATED] Return type of Google_Collection::rewind() should either be compatible with Iterator::rewind(): void, or the #[\ReturnTypeWillChange] attribute should be used to temporarily suppress the notice in APPPATH\Libraries\vendor\google\apiclient\src\Google\Collection.php on line 16.
 1 VENDORPATH\composer\ClassLoader.php(576): include('D:\\XAMPP\\htdocs\\attendance_system\\app\\Libraries\\vendor\\google\\apiclient\\src\\Google\\Collection.php')
 2 VENDORPATH\composer\ClassLoader.php(427): Composer\Autoload\{closure}('D:\\XAMPP\\htdocs\\attendance_system\\app\\Libraries\\vendor\\composer/../google/apiclient/src\\Google\\Collection.php')
 3 [internal function]: Composer\Autoload\ClassLoader->loadClass('Google_Collection')
 4 APPPATH\Libraries\vendor\google\apiclient-services\autoload.php(21): class_alias('Google_Collection', 'Google\\Collection')
 5 APPPATH\Libraries\vendor\composer\autoload_real.php(41): require('D:\\XAMPP\\htdocs\\attendance_system\\app\\Libraries\\vendor\\google\\apiclient-services\\autoload.php')
 6 APPPATH\Libraries\vendor\composer\autoload_real.php(45): {closure}('1f87db08236948d07391152dccb70f04', 'D:\\XAMPP\\htdocs\\attendance_system\\app\\Libraries\\vendor\\composer/../google/apiclient-services/autoload.php')
 7 APPPATH\Libraries\vendor\autoload.php(25): ComposerAutoloaderInit770f7a45e3964107abb4198a4ba5b018::getLoader()
 8 APPPATH\Controllers\GoogleLogin.php(16): require_once('D:\\XAMPP\\htdocs\\attendance_system\\app\\Libraries\\vendor\\autoload.php')
 9 SYSTEMPATH\CodeIgniter.php(903): App\Controllers\GoogleLogin->__construct()
10 SYSTEMPATH\CodeIgniter.php(500): CodeIgniter\CodeIgniter->createController()
11 SYSTEMPATH\CodeIgniter.php(355): CodeIgniter\CodeIgniter->handleRequest(null, Object(Config\Cache), false)
12 SYSTEMPATH\Boot.php(325): CodeIgniter\CodeIgniter->run()
13 SYSTEMPATH\Boot.php(67): CodeIgniter\Boot::runCodeIgniter(Object(CodeIgniter\CodeIgniter))
14 FCPATH\index.php(56): CodeIgniter\Boot::bootWeb(Object(Config\Paths))
WARNING - 2025-01-23 15:22:44 --> [DEPRECATED] Return type of Google_Collection::count() should either be compatible with Countable::count(): int, or the #[\ReturnTypeWillChange] attribute should be used to temporarily suppress the notice in APPPATH\Libraries\vendor\google\apiclient\src\Google\Collection.php on line 51.
 1 VENDORPATH\composer\ClassLoader.php(576): include('D:\\XAMPP\\htdocs\\attendance_system\\app\\Libraries\\vendor\\google\\apiclient\\src\\Google\\Collection.php')
 2 VENDORPATH\composer\ClassLoader.php(427): Composer\Autoload\{closure}('D:\\XAMPP\\htdocs\\attendance_system\\app\\Libraries\\vendor\\composer/../google/apiclient/src\\Google\\Collection.php')
 3 [internal function]: Composer\Autoload\ClassLoader->loadClass('Google_Collection')
 4 APPPATH\Libraries\vendor\google\apiclient-services\autoload.php(21): class_alias('Google_Collection', 'Google\\Collection')
 5 APPPATH\Libraries\vendor\composer\autoload_real.php(41): require('D:\\XAMPP\\htdocs\\attendance_system\\app\\Libraries\\vendor\\google\\apiclient-services\\autoload.php')
 6 APPPATH\Libraries\vendor\composer\autoload_real.php(45): {closure}('1f87db08236948d07391152dccb70f04', 'D:\\XAMPP\\htdocs\\attendance_system\\app\\Libraries\\vendor\\composer/../google/apiclient-services/autoload.php')
 7 APPPATH\Libraries\vendor\autoload.php(25): ComposerAutoloaderInit770f7a45e3964107abb4198a4ba5b018::getLoader()
 8 APPPATH\Controllers\GoogleLogin.php(16): require_once('D:\\XAMPP\\htdocs\\attendance_system\\app\\Libraries\\vendor\\autoload.php')
 9 SYSTEMPATH\CodeIgniter.php(903): App\Controllers\GoogleLogin->__construct()
10 SYSTEMPATH\CodeIgniter.php(500): CodeIgniter\CodeIgniter->createController()
11 SYSTEMPATH\CodeIgniter.php(355): CodeIgniter\CodeIgniter->handleRequest(null, Object(Config\Cache), false)
12 SYSTEMPATH\Boot.php(325): CodeIgniter\CodeIgniter->run()
13 SYSTEMPATH\Boot.php(67): CodeIgniter\Boot::runCodeIgniter(Object(CodeIgniter\CodeIgniter))
14 FCPATH\index.php(56): CodeIgniter\Boot::bootWeb(Object(Config\Paths))
INFO - 2025-01-23 15:22:44 --> Session: Class initialized using 'CodeIgniter\Session\Handlers\FileHandler' driver.
WARNING - 2025-01-23 15:22:44 --> [DEPRECATED] Creation of dynamic property App\Controllers\GoogleLogin::$session is deprecated in APPPATH\Controllers\BaseController.php on line 59.
 1 SYSTEMPATH\CodeIgniter.php(904): App\Controllers\BaseController->initController(Object(CodeIgniter\HTTP\IncomingRequest), Object(CodeIgniter\HTTP\Response), Object(CodeIgniter\Log\Logger))
 2 SYSTEMPATH\CodeIgniter.php(500): CodeIgniter\CodeIgniter->createController()
 3 SYSTEMPATH\CodeIgniter.php(355): CodeIgniter\CodeIgniter->handleRequest(null, Object(Config\Cache), false)
 4 SYSTEMPATH\Boot.php(325): CodeIgniter\CodeIgniter->run()
 5 SYSTEMPATH\Boot.php(67): CodeIgniter\Boot::runCodeIgniter(Object(CodeIgniter\CodeIgniter))
 6 FCPATH\index.php(56): CodeIgniter\Boot::bootWeb(Object(Config\Paths))
WARNING - 2025-01-23 15:22:44 --> Session: Sessions is enabled, and one exists. Please don't $session->start();
WARNING - 2025-01-23 15:22:45 --> [DEPRECATED] Return type of Google_Model::offsetExists($offset) should either be compatible with ArrayAccess::offsetExists(mixed $offset): bool, or the #[\ReturnTypeWillChange] attribute should be used to temporarily suppress the notice in APPPATH\Libraries\vendor\google\apiclient\src\Google\Model.php on line 249.
 1 VENDORPATH\composer\ClassLoader.php(576): include('D:\\XAMPP\\htdocs\\attendance_system\\app\\Libraries\\vendor\\google\\apiclient\\src\\Google\\Model.php')
 2 VENDORPATH\composer\ClassLoader.php(427): Composer\Autoload\{closure}('D:\\XAMPP\\htdocs\\attendance_system\\app\\Libraries\\vendor\\composer/../google/apiclient/src\\Google\\Model.php')
 3 [internal function]: Composer\Autoload\ClassLoader->loadClass('Google_Model')
 4 APPPATH\Libraries\vendor\google\apiclient-services\autoload.php(21): class_alias('Google_Model', 'Google\\Model')
 5 APPPATH\Libraries\vendor\composer\autoload_real.php(41): require('D:\\XAMPP\\htdocs\\attendance_system\\app\\Libraries\\vendor\\google\\apiclient-services\\autoload.php')
 6 APPPATH\Libraries\vendor\composer\autoload_real.php(45): {closure}('1f87db08236948d07391152dccb70f04', 'D:\\XAMPP\\htdocs\\attendance_system\\app\\Libraries\\vendor\\composer/../google/apiclient-services/autoload.php')
 7 APPPATH\Libraries\vendor\autoload.php(25): ComposerAutoloaderInit770f7a45e3964107abb4198a4ba5b018::getLoader()
 8 APPPATH\Controllers\GoogleLogin.php(16): require_once('D:\\XAMPP\\htdocs\\attendance_system\\app\\Libraries\\vendor\\autoload.php')
 9 SYSTEMPATH\CodeIgniter.php(903): App\Controllers\GoogleLogin->__construct()
10 SYSTEMPATH\CodeIgniter.php(500): CodeIgniter\CodeIgniter->createController()
11 SYSTEMPATH\CodeIgniter.php(355): CodeIgniter\CodeIgniter->handleRequest(null, Object(Config\Cache), false)
12 SYSTEMPATH\Boot.php(325): CodeIgniter\CodeIgniter->run()
13 SYSTEMPATH\Boot.php(67): CodeIgniter\Boot::runCodeIgniter(Object(CodeIgniter\CodeIgniter))
14 FCPATH\index.php(56): CodeIgniter\Boot::bootWeb(Object(Config\Paths))
WARNING - 2025-01-23 15:22:45 --> [DEPRECATED] Return type of Google_Model::offsetGet($offset) should either be compatible with ArrayAccess::offsetGet(mixed $offset): mixed, or the #[\ReturnTypeWillChange] attribute should be used to temporarily suppress the notice in APPPATH\Libraries\vendor\google\apiclient\src\Google\Model.php on line 254.
 1 VENDORPATH\composer\ClassLoader.php(576): include('D:\\XAMPP\\htdocs\\attendance_system\\app\\Libraries\\vendor\\google\\apiclient\\src\\Google\\Model.php')
 2 VENDORPATH\composer\ClassLoader.php(427): Composer\Autoload\{closure}('D:\\XAMPP\\htdocs\\attendance_system\\app\\Libraries\\vendor\\composer/../google/apiclient/src\\Google\\Model.php')
 3 [internal function]: Composer\Autoload\ClassLoader->loadClass('Google_Model')
 4 APPPATH\Libraries\vendor\google\apiclient-services\autoload.php(21): class_alias('Google_Model', 'Google\\Model')
 5 APPPATH\Libraries\vendor\composer\autoload_real.php(41): require('D:\\XAMPP\\htdocs\\attendance_system\\app\\Libraries\\vendor\\google\\apiclient-services\\autoload.php')
 6 APPPATH\Libraries\vendor\composer\autoload_real.php(45): {closure}('1f87db08236948d07391152dccb70f04', 'D:\\XAMPP\\htdocs\\attendance_system\\app\\Libraries\\vendor\\composer/../google/apiclient-services/autoload.php')
 7 APPPATH\Libraries\vendor\autoload.php(25): ComposerAutoloaderInit770f7a45e3964107abb4198a4ba5b018::getLoader()
 8 APPPATH\Controllers\GoogleLogin.php(16): require_once('D:\\XAMPP\\htdocs\\attendance_system\\app\\Libraries\\vendor\\autoload.php')
 9 SYSTEMPATH\CodeIgniter.php(903): App\Controllers\GoogleLogin->__construct()
10 SYSTEMPATH\CodeIgniter.php(500): CodeIgniter\CodeIgniter->createController()
11 SYSTEMPATH\CodeIgniter.php(355): CodeIgniter\CodeIgniter->handleRequest(null, Object(Config\Cache), false)
12 SYSTEMPATH\Boot.php(325): CodeIgniter\CodeIgniter->run()
13 SYSTEMPATH\Boot.php(67): CodeIgniter\Boot::runCodeIgniter(Object(CodeIgniter\CodeIgniter))
14 FCPATH\index.php(56): CodeIgniter\Boot::bootWeb(Object(Config\Paths))
WARNING - 2025-01-23 15:22:45 --> [DEPRECATED] Return type of Google_Model::offsetSet($offset, $value) should either be compatible with ArrayAccess::offsetSet(mixed $offset, mixed $value): void, or the #[\ReturnTypeWillChange] attribute should be used to temporarily suppress the notice in APPPATH\Libraries\vendor\google\apiclient\src\Google\Model.php on line 261.
 1 VENDORPATH\composer\ClassLoader.php(576): include('D:\\XAMPP\\htdocs\\attendance_system\\app\\Libraries\\vendor\\google\\apiclient\\src\\Google\\Model.php')
 2 VENDORPATH\composer\ClassLoader.php(427): Composer\Autoload\{closure}('D:\\XAMPP\\htdocs\\attendance_system\\app\\Libraries\\vendor\\composer/../google/apiclient/src\\Google\\Model.php')
 3 [internal function]: Composer\Autoload\ClassLoader->loadClass('Google_Model')
 4 APPPATH\Libraries\vendor\google\apiclient-services\autoload.php(21): class_alias('Google_Model', 'Google\\Model')
 5 APPPATH\Libraries\vendor\composer\autoload_real.php(41): require('D:\\XAMPP\\htdocs\\attendance_system\\app\\Libraries\\vendor\\google\\apiclient-services\\autoload.php')
 6 APPPATH\Libraries\vendor\composer\autoload_real.php(45): {closure}('1f87db08236948d07391152dccb70f04', 'D:\\XAMPP\\htdocs\\attendance_system\\app\\Libraries\\vendor\\composer/../google/apiclient-services/autoload.php')
 7 APPPATH\Libraries\vendor\autoload.php(25): ComposerAutoloaderInit770f7a45e3964107abb4198a4ba5b018::getLoader()
 8 APPPATH\Controllers\GoogleLogin.php(16): require_once('D:\\XAMPP\\htdocs\\attendance_system\\app\\Libraries\\vendor\\autoload.php')
 9 SYSTEMPATH\CodeIgniter.php(903): App\Controllers\GoogleLogin->__construct()
10 SYSTEMPATH\CodeIgniter.php(500): CodeIgniter\CodeIgniter->createController()
11 SYSTEMPATH\CodeIgniter.php(355): CodeIgniter\CodeIgniter->handleRequest(null, Object(Config\Cache), false)
12 SYSTEMPATH\Boot.php(325): CodeIgniter\CodeIgniter->run()
13 SYSTEMPATH\Boot.php(67): CodeIgniter\Boot::runCodeIgniter(Object(CodeIgniter\CodeIgniter))
14 FCPATH\index.php(56): CodeIgniter\Boot::bootWeb(Object(Config\Paths))
WARNING - 2025-01-23 15:22:45 --> [DEPRECATED] Return type of Google_Model::offsetUnset($offset) should either be compatible with ArrayAccess::offsetUnset(mixed $offset): void, or the #[\ReturnTypeWillChange] attribute should be used to temporarily suppress the notice in APPPATH\Libraries\vendor\google\apiclient\src\Google\Model.php on line 271.
 1 VENDORPATH\composer\ClassLoader.php(576): include('D:\\XAMPP\\htdocs\\attendance_system\\app\\Libraries\\vendor\\google\\apiclient\\src\\Google\\Model.php')
 2 VENDORPATH\composer\ClassLoader.php(427): Composer\Autoload\{closure}('D:\\XAMPP\\htdocs\\attendance_system\\app\\Libraries\\vendor\\composer/../google/apiclient/src\\Google\\Model.php')
 3 [internal function]: Composer\Autoload\ClassLoader->loadClass('Google_Model')
 4 APPPATH\Libraries\vendor\google\apiclient-services\autoload.php(21): class_alias('Google_Model', 'Google\\Model')
 5 APPPATH\Libraries\vendor\composer\autoload_real.php(41): require('D:\\XAMPP\\htdocs\\attendance_system\\app\\Libraries\\vendor\\google\\apiclient-services\\autoload.php')
 6 APPPATH\Libraries\vendor\composer\autoload_real.php(45): {closure}('1f87db08236948d07391152dccb70f04', 'D:\\XAMPP\\htdocs\\attendance_system\\app\\Libraries\\vendor\\composer/../google/apiclient-services/autoload.php')
 7 APPPATH\Libraries\vendor\autoload.php(25): ComposerAutoloaderInit770f7a45e3964107abb4198a4ba5b018::getLoader()
 8 APPPATH\Controllers\GoogleLogin.php(16): require_once('D:\\XAMPP\\htdocs\\attendance_system\\app\\Libraries\\vendor\\autoload.php')
 9 SYSTEMPATH\CodeIgniter.php(903): App\Controllers\GoogleLogin->__construct()
10 SYSTEMPATH\CodeIgniter.php(500): CodeIgniter\CodeIgniter->createController()
11 SYSTEMPATH\CodeIgniter.php(355): CodeIgniter\CodeIgniter->handleRequest(null, Object(Config\Cache), false)
12 SYSTEMPATH\Boot.php(325): CodeIgniter\CodeIgniter->run()
13 SYSTEMPATH\Boot.php(67): CodeIgniter\Boot::runCodeIgniter(Object(CodeIgniter\CodeIgniter))
14 FCPATH\index.php(56): CodeIgniter\Boot::bootWeb(Object(Config\Paths))
WARNING - 2025-01-23 15:22:45 --> [DEPRECATED] Return type of Google_Collection::current() should either be compatible with Iterator::current(): mixed, or the #[\ReturnTypeWillChange] attribute should be used to temporarily suppress the notice in APPPATH\Libraries\vendor\google\apiclient\src\Google\Collection.php on line 24.
 1 VENDORPATH\composer\ClassLoader.php(576): include('D:\\XAMPP\\htdocs\\attendance_system\\app\\Libraries\\vendor\\google\\apiclient\\src\\Google\\Collection.php')
 2 VENDORPATH\composer\ClassLoader.php(427): Composer\Autoload\{closure}('D:\\XAMPP\\htdocs\\attendance_system\\app\\Libraries\\vendor\\composer/../google/apiclient/src\\Google\\Collection.php')
 3 [internal function]: Composer\Autoload\ClassLoader->loadClass('Google_Collection')
 4 APPPATH\Libraries\vendor\google\apiclient-services\autoload.php(21): class_alias('Google_Collection', 'Google\\Collection')
 5 APPPATH\Libraries\vendor\composer\autoload_real.php(41): require('D:\\XAMPP\\htdocs\\attendance_system\\app\\Libraries\\vendor\\google\\apiclient-services\\autoload.php')
 6 APPPATH\Libraries\vendor\composer\autoload_real.php(45): {closure}('1f87db08236948d07391152dccb70f04', 'D:\\XAMPP\\htdocs\\attendance_system\\app\\Libraries\\vendor\\composer/../google/apiclient-services/autoload.php')
 7 APPPATH\Libraries\vendor\autoload.php(25): ComposerAutoloaderInit770f7a45e3964107abb4198a4ba5b018::getLoader()
 8 APPPATH\Controllers\GoogleLogin.php(16): require_once('D:\\XAMPP\\htdocs\\attendance_system\\app\\Libraries\\vendor\\autoload.php')
 9 SYSTEMPATH\CodeIgniter.php(903): App\Controllers\GoogleLogin->__construct()
10 SYSTEMPATH\CodeIgniter.php(500): CodeIgniter\CodeIgniter->createController()
11 SYSTEMPATH\CodeIgniter.php(355): CodeIgniter\CodeIgniter->handleRequest(null, Object(Config\Cache), false)
12 SYSTEMPATH\Boot.php(325): CodeIgniter\CodeIgniter->run()
13 SYSTEMPATH\Boot.php(67): CodeIgniter\Boot::runCodeIgniter(Object(CodeIgniter\CodeIgniter))
14 FCPATH\index.php(56): CodeIgniter\Boot::bootWeb(Object(Config\Paths))
WARNING - 2025-01-23 15:22:45 --> [DEPRECATED] Return type of Google_Collection::next() should either be compatible with Iterator::next(): void, or the #[\ReturnTypeWillChange] attribute should be used to temporarily suppress the notice in APPPATH\Libraries\vendor\google\apiclient\src\Google\Collection.php on line 40.
 1 VENDORPATH\composer\ClassLoader.php(576): include('D:\\XAMPP\\htdocs\\attendance_system\\app\\Libraries\\vendor\\google\\apiclient\\src\\Google\\Collection.php')
 2 VENDORPATH\composer\ClassLoader.php(427): Composer\Autoload\{closure}('D:\\XAMPP\\htdocs\\attendance_system\\app\\Libraries\\vendor\\composer/../google/apiclient/src\\Google\\Collection.php')
 3 [internal function]: Composer\Autoload\ClassLoader->loadClass('Google_Collection')
 4 APPPATH\Libraries\vendor\google\apiclient-services\autoload.php(21): class_alias('Google_Collection', 'Google\\Collection')
 5 APPPATH\Libraries\vendor\composer\autoload_real.php(41): require('D:\\XAMPP\\htdocs\\attendance_system\\app\\Libraries\\vendor\\google\\apiclient-services\\autoload.php')
 6 APPPATH\Libraries\vendor\composer\autoload_real.php(45): {closure}('1f87db08236948d07391152dccb70f04', 'D:\\XAMPP\\htdocs\\attendance_system\\app\\Libraries\\vendor\\composer/../google/apiclient-services/autoload.php')
 7 APPPATH\Libraries\vendor\autoload.php(25): ComposerAutoloaderInit770f7a45e3964107abb4198a4ba5b018::getLoader()
 8 APPPATH\Controllers\GoogleLogin.php(16): require_once('D:\\XAMPP\\htdocs\\attendance_system\\app\\Libraries\\vendor\\autoload.php')
 9 SYSTEMPATH\CodeIgniter.php(903): App\Controllers\GoogleLogin->__construct()
10 SYSTEMPATH\CodeIgniter.php(500): CodeIgniter\CodeIgniter->createController()
11 SYSTEMPATH\CodeIgniter.php(355): CodeIgniter\CodeIgniter->handleRequest(null, Object(Config\Cache), false)
12 SYSTEMPATH\Boot.php(325): CodeIgniter\CodeIgniter->run()
13 SYSTEMPATH\Boot.php(67): CodeIgniter\Boot::runCodeIgniter(Object(CodeIgniter\CodeIgniter))
14 FCPATH\index.php(56): CodeIgniter\Boot::bootWeb(Object(Config\Paths))
WARNING - 2025-01-23 15:22:45 --> [DEPRECATED] Return type of Google_Collection::key() should either be compatible with Iterator::key(): mixed, or the #[\ReturnTypeWillChange] attribute should be used to temporarily suppress the notice in APPPATH\Libraries\vendor\google\apiclient\src\Google\Collection.php on line 32.
 1 VENDORPATH\composer\ClassLoader.php(576): include('D:\\XAMPP\\htdocs\\attendance_system\\app\\Libraries\\vendor\\google\\apiclient\\src\\Google\\Collection.php')
 2 VENDORPATH\composer\ClassLoader.php(427): Composer\Autoload\{closure}('D:\\XAMPP\\htdocs\\attendance_system\\app\\Libraries\\vendor\\composer/../google/apiclient/src\\Google\\Collection.php')
 3 [internal function]: Composer\Autoload\ClassLoader->loadClass('Google_Collection')
 4 APPPATH\Libraries\vendor\google\apiclient-services\autoload.php(21): class_alias('Google_Collection', 'Google\\Collection')
 5 APPPATH\Libraries\vendor\composer\autoload_real.php(41): require('D:\\XAMPP\\htdocs\\attendance_system\\app\\Libraries\\vendor\\google\\apiclient-services\\autoload.php')
 6 APPPATH\Libraries\vendor\composer\autoload_real.php(45): {closure}('1f87db08236948d07391152dccb70f04', 'D:\\XAMPP\\htdocs\\attendance_system\\app\\Libraries\\vendor\\composer/../google/apiclient-services/autoload.php')
 7 APPPATH\Libraries\vendor\autoload.php(25): ComposerAutoloaderInit770f7a45e3964107abb4198a4ba5b018::getLoader()
 8 APPPATH\Controllers\GoogleLogin.php(16): require_once('D:\\XAMPP\\htdocs\\attendance_system\\app\\Libraries\\vendor\\autoload.php')
 9 SYSTEMPATH\CodeIgniter.php(903): App\Controllers\GoogleLogin->__construct()
10 SYSTEMPATH\CodeIgniter.php(500): CodeIgniter\CodeIgniter->createController()
11 SYSTEMPATH\CodeIgniter.php(355): CodeIgniter\CodeIgniter->handleRequest(null, Object(Config\Cache), false)
12 SYSTEMPATH\Boot.php(325): CodeIgniter\CodeIgniter->run()
13 SYSTEMPATH\Boot.php(67): CodeIgniter\Boot::runCodeIgniter(Object(CodeIgniter\CodeIgniter))
14 FCPATH\index.php(56): CodeIgniter\Boot::bootWeb(Object(Config\Paths))
WARNING - 2025-01-23 15:22:45 --> [DEPRECATED] Return type of Google_Collection::valid() should either be compatible with Iterator::valid(): bool, or the #[\ReturnTypeWillChange] attribute should be used to temporarily suppress the notice in APPPATH\Libraries\vendor\google\apiclient\src\Google\Collection.php on line 45.
 1 VENDORPATH\composer\ClassLoader.php(576): include('D:\\XAMPP\\htdocs\\attendance_system\\app\\Libraries\\vendor\\google\\apiclient\\src\\Google\\Collection.php')
 2 VENDORPATH\composer\ClassLoader.php(427): Composer\Autoload\{closure}('D:\\XAMPP\\htdocs\\attendance_system\\app\\Libraries\\vendor\\composer/../google/apiclient/src\\Google\\Collection.php')
 3 [internal function]: Composer\Autoload\ClassLoader->loadClass('Google_Collection')
 4 APPPATH\Libraries\vendor\google\apiclient-services\autoload.php(21): class_alias('Google_Collection', 'Google\\Collection')
 5 APPPATH\Libraries\vendor\composer\autoload_real.php(41): require('D:\\XAMPP\\htdocs\\attendance_system\\app\\Libraries\\vendor\\google\\apiclient-services\\autoload.php')
 6 APPPATH\Libraries\vendor\composer\autoload_real.php(45): {closure}('1f87db08236948d07391152dccb70f04', 'D:\\XAMPP\\htdocs\\attendance_system\\app\\Libraries\\vendor\\composer/../google/apiclient-services/autoload.php')
 7 APPPATH\Libraries\vendor\autoload.php(25): ComposerAutoloaderInit770f7a45e3964107abb4198a4ba5b018::getLoader()
 8 APPPATH\Controllers\GoogleLogin.php(16): require_once('D:\\XAMPP\\htdocs\\attendance_system\\app\\Libraries\\vendor\\autoload.php')
 9 SYSTEMPATH\CodeIgniter.php(903): App\Controllers\GoogleLogin->__construct()
10 SYSTEMPATH\CodeIgniter.php(500): CodeIgniter\CodeIgniter->createController()
11 SYSTEMPATH\CodeIgniter.php(355): CodeIgniter\CodeIgniter->handleRequest(null, Object(Config\Cache), false)
12 SYSTEMPATH\Boot.php(325): CodeIgniter\CodeIgniter->run()
13 SYSTEMPATH\Boot.php(67): CodeIgniter\Boot::runCodeIgniter(Object(CodeIgniter\CodeIgniter))
14 FCPATH\index.php(56): CodeIgniter\Boot::bootWeb(Object(Config\Paths))
WARNING - 2025-01-23 15:22:45 --> [DEPRECATED] Return type of Google_Collection::rewind() should either be compatible with Iterator::rewind(): void, or the #[\ReturnTypeWillChange] attribute should be used to temporarily suppress the notice in APPPATH\Libraries\vendor\google\apiclient\src\Google\Collection.php on line 16.
 1 VENDORPATH\composer\ClassLoader.php(576): include('D:\\XAMPP\\htdocs\\attendance_system\\app\\Libraries\\vendor\\google\\apiclient\\src\\Google\\Collection.php')
 2 VENDORPATH\composer\ClassLoader.php(427): Composer\Autoload\{closure}('D:\\XAMPP\\htdocs\\attendance_system\\app\\Libraries\\vendor\\composer/../google/apiclient/src\\Google\\Collection.php')
 3 [internal function]: Composer\Autoload\ClassLoader->loadClass('Google_Collection')
 4 APPPATH\Libraries\vendor\google\apiclient-services\autoload.php(21): class_alias('Google_Collection', 'Google\\Collection')
 5 APPPATH\Libraries\vendor\composer\autoload_real.php(41): require('D:\\XAMPP\\htdocs\\attendance_system\\app\\Libraries\\vendor\\google\\apiclient-services\\autoload.php')
 6 APPPATH\Libraries\vendor\composer\autoload_real.php(45): {closure}('1f87db08236948d07391152dccb70f04', 'D:\\XAMPP\\htdocs\\attendance_system\\app\\Libraries\\vendor\\composer/../google/apiclient-services/autoload.php')
 7 APPPATH\Libraries\vendor\autoload.php(25): ComposerAutoloaderInit770f7a45e3964107abb4198a4ba5b018::getLoader()
 8 APPPATH\Controllers\GoogleLogin.php(16): require_once('D:\\XAMPP\\htdocs\\attendance_system\\app\\Libraries\\vendor\\autoload.php')
 9 SYSTEMPATH\CodeIgniter.php(903): App\Controllers\GoogleLogin->__construct()
10 SYSTEMPATH\CodeIgniter.php(500): CodeIgniter\CodeIgniter->createController()
11 SYSTEMPATH\CodeIgniter.php(355): CodeIgniter\CodeIgniter->handleRequest(null, Object(Config\Cache), false)
12 SYSTEMPATH\Boot.php(325): CodeIgniter\CodeIgniter->run()
13 SYSTEMPATH\Boot.php(67): CodeIgniter\Boot::runCodeIgniter(Object(CodeIgniter\CodeIgniter))
14 FCPATH\index.php(56): CodeIgniter\Boot::bootWeb(Object(Config\Paths))
WARNING - 2025-01-23 15:22:45 --> [DEPRECATED] Return type of Google_Collection::count() should either be compatible with Countable::count(): int, or the #[\ReturnTypeWillChange] attribute should be used to temporarily suppress the notice in APPPATH\Libraries\vendor\google\apiclient\src\Google\Collection.php on line 51.
 1 VENDORPATH\composer\ClassLoader.php(576): include('D:\\XAMPP\\htdocs\\attendance_system\\app\\Libraries\\vendor\\google\\apiclient\\src\\Google\\Collection.php')
 2 VENDORPATH\composer\ClassLoader.php(427): Composer\Autoload\{closure}('D:\\XAMPP\\htdocs\\attendance_system\\app\\Libraries\\vendor\\composer/../google/apiclient/src\\Google\\Collection.php')
 3 [internal function]: Composer\Autoload\ClassLoader->loadClass('Google_Collection')
 4 APPPATH\Libraries\vendor\google\apiclient-services\autoload.php(21): class_alias('Google_Collection', 'Google\\Collection')
 5 APPPATH\Libraries\vendor\composer\autoload_real.php(41): require('D:\\XAMPP\\htdocs\\attendance_system\\app\\Libraries\\vendor\\google\\apiclient-services\\autoload.php')
 6 APPPATH\Libraries\vendor\composer\autoload_real.php(45): {closure}('1f87db08236948d07391152dccb70f04', 'D:\\XAMPP\\htdocs\\attendance_system\\app\\Libraries\\vendor\\composer/../google/apiclient-services/autoload.php')
 7 APPPATH\Libraries\vendor\autoload.php(25): ComposerAutoloaderInit770f7a45e3964107abb4198a4ba5b018::getLoader()
 8 APPPATH\Controllers\GoogleLogin.php(16): require_once('D:\\XAMPP\\htdocs\\attendance_system\\app\\Libraries\\vendor\\autoload.php')
 9 SYSTEMPATH\CodeIgniter.php(903): App\Controllers\GoogleLogin->__construct()
10 SYSTEMPATH\CodeIgniter.php(500): CodeIgniter\CodeIgniter->createController()
11 SYSTEMPATH\CodeIgniter.php(355): CodeIgniter\CodeIgniter->handleRequest(null, Object(Config\Cache), false)
12 SYSTEMPATH\Boot.php(325): CodeIgniter\CodeIgniter->run()
13 SYSTEMPATH\Boot.php(67): CodeIgniter\Boot::runCodeIgniter(Object(CodeIgniter\CodeIgniter))
14 FCPATH\index.php(56): CodeIgniter\Boot::bootWeb(Object(Config\Paths))
INFO - 2025-01-23 15:22:45 --> Session: Class initialized using 'CodeIgniter\Session\Handlers\FileHandler' driver.
WARNING - 2025-01-23 15:22:45 --> [DEPRECATED] Creation of dynamic property App\Controllers\GoogleLogin::$session is deprecated in APPPATH\Controllers\BaseController.php on line 59.
 1 SYSTEMPATH\CodeIgniter.php(904): App\Controllers\BaseController->initController(Object(CodeIgniter\HTTP\IncomingRequest), Object(CodeIgniter\HTTP\Response), Object(CodeIgniter\Log\Logger))
 2 SYSTEMPATH\CodeIgniter.php(500): CodeIgniter\CodeIgniter->createController()
 3 SYSTEMPATH\CodeIgniter.php(355): CodeIgniter\CodeIgniter->handleRequest(null, Object(Config\Cache), false)
 4 SYSTEMPATH\Boot.php(325): CodeIgniter\CodeIgniter->run()
 5 SYSTEMPATH\Boot.php(67): CodeIgniter\Boot::runCodeIgniter(Object(CodeIgniter\CodeIgniter))
 6 FCPATH\index.php(56): CodeIgniter\Boot::bootWeb(Object(Config\Paths))
WARNING - 2025-01-23 15:22:45 --> Session: Sessions is enabled, and one exists. Please don't $session->start();
WARNING - 2025-01-23 15:22:48 --> [DEPRECATED] Creation of dynamic property Google\Service\Oauth2::$serviceName is deprecated in APPPATH\Libraries\vendor\google\apiclient-services\src\Oauth2.php on line 67.
 1 APPPATH\Controllers\GoogleLogin.php(46): Google\Service\Oauth2->__construct(Object(Google_Client))
 2 SYSTEMPATH\CodeIgniter.php(933): App\Controllers\GoogleLogin->Callback()
 3 SYSTEMPATH\CodeIgniter.php(509): CodeIgniter\CodeIgniter->runController(Object(App\Controllers\GoogleLogin))
 4 SYSTEMPATH\CodeIgniter.php(355): CodeIgniter\CodeIgniter->handleRequest(null, Object(Config\Cache), false)
 5 SYSTEMPATH\Boot.php(325): CodeIgniter\CodeIgniter->run()
 6 SYSTEMPATH\Boot.php(67): CodeIgniter\Boot::runCodeIgniter(Object(CodeIgniter\CodeIgniter))
 7 FCPATH\index.php(56): CodeIgniter\Boot::bootWeb(Object(Config\Paths))
ERROR - 2025-01-23 15:22:52 --> Error connecting to the database: mysqli_sql_exception: Access denied for user 'sql8756784'@'192.248.16.125' (using password: YES) in D:\XAMPP\htdocs\attendance_system\vendor\codeigniter4\framework\system\Database\MySQLi\Connection.php:186
Stack trace:
#0 D:\XAMPP\htdocs\attendance_system\vendor\codeigniter4\framework\system\Database\MySQLi\Connection.php(186): mysqli->real_connect('sql8.freesqldat...', 'sql8756784', Object(SensitiveParameterValue), 'sql8756784', 3306, '', 0)
#1 D:\XAMPP\htdocs\attendance_system\vendor\codeigniter4\framework\system\Database\BaseConnection.php(421): CodeIgniter\Database\MySQLi\Connection->connect(false)
#2 D:\XAMPP\htdocs\attendance_system\vendor\codeigniter4\framework\system\Database\BaseConnection.php(616): CodeIgniter\Database\BaseConnection->initialize()
#3 D:\XAMPP\htdocs\attendance_system\vendor\codeigniter4\framework\system\Database\BaseBuilder.php(1644): CodeIgniter\Database\BaseConnection->query('SELECT *\nFROM `...', Array, false)
#4 D:\XAMPP\htdocs\attendance_system\vendor\codeigniter4\framework\system\Model.php(330): CodeIgniter\Database\BaseBuilder->get()
#5 D:\XAMPP\htdocs\attendance_system\vendor\codeigniter4\framework\system\BaseModel.php(714): CodeIgniter\Model->doFirst()
#6 D:\XAMPP\htdocs\attendance_system\app\Controllers\GoogleLogin.php(56): CodeIgniter\BaseModel->first()
#7 D:\XAMPP\htdocs\attendance_system\vendor\codeigniter4\framework\system\CodeIgniter.php(933): App\Controllers\GoogleLogin->Callback()
#8 D:\XAMPP\htdocs\attendance_system\vendor\codeigniter4\framework\system\CodeIgniter.php(509): CodeIgniter\CodeIgniter->runController(Object(App\Controllers\GoogleLogin))
#9 D:\XAMPP\htdocs\attendance_system\vendor\codeigniter4\framework\system\CodeIgniter.php(355): CodeIgniter\CodeIgniter->handleRequest(NULL, Object(Config\Cache), false)
#10 D:\XAMPP\htdocs\attendance_system\vendor\codeigniter4\framework\system\Boot.php(325): CodeIgniter\CodeIgniter->run()
#11 D:\XAMPP\htdocs\attendance_system\vendor\codeigniter4\framework\system\Boot.php(67): CodeIgniter\Boot::runCodeIgniter(Object(CodeIgniter\CodeIgniter))
#12 D:\XAMPP\htdocs\attendance_system\public\index.php(56): CodeIgniter\Boot::bootWeb(Object(Config\Paths))
#13 {main}

Next CodeIgniter\Database\Exceptions\DatabaseException: Access denied for user '****'@'192.248.16.125' (using password: YES) in D:\XAMPP\htdocs\attendance_system\vendor\codeigniter4\framework\system\Database\MySQLi\Connection.php:231
Stack trace:
#0 D:\XAMPP\htdocs\attendance_system\vendor\codeigniter4\framework\system\Database\BaseConnection.php(421): CodeIgniter\Database\MySQLi\Connection->connect(false)
#1 D:\XAMPP\htdocs\attendance_system\vendor\codeigniter4\framework\system\Database\BaseConnection.php(616): CodeIgniter\Database\BaseConnection->initialize()
#2 D:\XAMPP\htdocs\attendance_system\vendor\codeigniter4\framework\system\Database\BaseBuilder.php(1644): CodeIgniter\Database\BaseConnection->query('SELECT *\nFROM `...', Array, false)
#3 D:\XAMPP\htdocs\attendance_system\vendor\codeigniter4\framework\system\Model.php(330): CodeIgniter\Database\BaseBuilder->get()
#4 D:\XAMPP\htdocs\attendance_system\vendor\codeigniter4\framework\system\BaseModel.php(714): CodeIgniter\Model->doFirst()
#5 D:\XAMPP\htdocs\attendance_system\app\Controllers\GoogleLogin.php(56): CodeIgniter\BaseModel->first()
#6 D:\XAMPP\htdocs\attendance_system\vendor\codeigniter4\framework\system\CodeIgniter.php(933): App\Controllers\GoogleLogin->Callback()
#7 D:\XAMPP\htdocs\attendance_system\vendor\codeigniter4\framework\system\CodeIgniter.php(509): CodeIgniter\CodeIgniter->runController(Object(App\Controllers\GoogleLogin))
#8 D:\XAMPP\htdocs\attendance_system\vendor\codeigniter4\framework\system\CodeIgniter.php(355): CodeIgniter\CodeIgniter->handleRequest(NULL, Object(Config\Cache), false)
#9 D:\XAMPP\htdocs\attendance_system\vendor\codeigniter4\framework\system\Boot.php(325): CodeIgniter\CodeIgniter->run()
#10 D:\XAMPP\htdocs\attendance_system\vendor\codeigniter4\framework\system\Boot.php(67): CodeIgniter\Boot::runCodeIgniter(Object(CodeIgniter\CodeIgniter))
#11 D:\XAMPP\htdocs\attendance_system\public\index.php(56): CodeIgniter\Boot::bootWeb(Object(Config\Paths))
#12 {main}
CRITICAL - 2025-01-23 15:22:52 --> CodeIgniter\Database\Exceptions\DatabaseException: Unable to connect to the database.
Main connection [MySQLi]: Access denied for user '****'@'192.248.16.125' (using password: YES)
[Method: GET, Route: googlelogin/callback]
in SYSTEMPATH\Database\BaseConnection.php on line 467.
 1 SYSTEMPATH\Database\BaseConnection.php(616): CodeIgniter\Database\BaseConnection->initialize()
 2 SYSTEMPATH\Database\BaseBuilder.php(1644): CodeIgniter\Database\BaseConnection->query('SELECT *
FROM `user`
WHERE `auth_id` = :auth_id:
AND `auth_provider` = :auth_provider:
 LIMIT 1', [...], false)
 3 SYSTEMPATH\Model.php(330): CodeIgniter\Database\BaseBuilder->get()
 4 SYSTEMPATH\BaseModel.php(714): CodeIgniter\Model->doFirst()
 5 APPPATH\Controllers\GoogleLogin.php(56): CodeIgniter\BaseModel->first()
 6 SYSTEMPATH\CodeIgniter.php(933): App\Controllers\GoogleLogin->Callback()
 7 SYSTEMPATH\CodeIgniter.php(509): CodeIgniter\CodeIgniter->runController(Object(App\Controllers\GoogleLogin))
 8 SYSTEMPATH\CodeIgniter.php(355): CodeIgniter\CodeIgniter->handleRequest(null, Object(Config\Cache), false)
 9 SYSTEMPATH\Boot.php(325): CodeIgniter\CodeIgniter->run()
10 SYSTEMPATH\Boot.php(67): CodeIgniter\Boot::runCodeIgniter(Object(CodeIgniter\CodeIgniter))
11 FCPATH\index.php(56): CodeIgniter\Boot::bootWeb(Object(Config\Paths))
