INFO - 2025-01-16 10:39:17 --> Session: Class initialized using 'CodeIgniter\Session\Handlers\FileHandler' driver.
WARNING - 2025-01-16 10:39:17 --> [DEPRECATED] Creation of dynamic property App\Controllers\Auth::$session is deprecated in APPPATH\Controllers\BaseController.php on line 59.
 1 SYSTEMPATH\CodeIgniter.php(904): App\Controllers\BaseController->initController(Object(CodeIgniter\HTTP\IncomingRequest), Object(CodeIgniter\HTTP\Response), Object(CodeIgniter\Log\Logger))
 2 SYSTEMPATH\CodeIgniter.php(500): CodeIgniter\CodeIgniter->createController()
 3 SYSTEMPATH\CodeIgniter.php(355): CodeIgniter\CodeIgniter->handleRequest(null, Object(Config\Cache), false)
 4 SYSTEMPATH\Boot.php(325): CodeIgniter\CodeIgniter->run()
 5 SYSTEMPATH\Boot.php(67): CodeIgniter\Boot::runCodeIgniter(Object(CodeIgniter\CodeIgniter))
 6 FCPATH\index.php(56): CodeIgniter\Boot::bootWeb(Object(Config\Paths))
WARNING - 2025-01-16 10:39:17 --> Session: Sessions is enabled, and one exists. Please don't $session->start();
WARNING - 2025-01-16 10:40:17 --> [DEPRECATED] Return type of Google_Model::offsetExists($offset) should either be compatible with ArrayAccess::offsetExists(mixed $offset): bool, or the #[\ReturnTypeWillChange] attribute should be used to temporarily suppress the notice in APPPATH\Libraries\vendor\google\apiclient\src\Google\Model.php on line 249.
 1 VENDORPATH\composer\ClassLoader.php(576): include('D:\\XAMPP\\htdocs\\attendance_system\\app\\Libraries\\vendor\\google\\apiclient\\src\\Google\\Model.php')
 2 VENDORPATH\composer\ClassLoader.php(427): Composer\Autoload\{closure}('D:\\XAMPP\\htdocs\\attendance_system\\app\\Libraries\\vendor\\composer/../google/apiclient/src\\Google\\Model.php')
 3 [internal function]: Composer\Autoload\ClassLoader->loadClass('Google_Model')
 4 APPPATH\Libraries\vendor\google\apiclient-services\autoload.php(21): class_alias('Google_Model', 'Google\\Model')
 5 APPPATH\Libraries\vendor\composer\autoload_real.php(41): require('D:\\XAMPP\\htdocs\\attendance_system\\app\\Libraries\\vendor\\google\\apiclient-services\\autoload.php')
 6 APPPATH\Libraries\vendor\composer\autoload_real.php(45): {closure}('1f87db08236948d07391152dccb70f04', 'D:\\XAMPP\\htdocs\\attendance_system\\app\\Libraries\\vendor\\composer/../google/apiclient-services/autoload.php')
 7 APPPATH\Libraries\vendor\autoload.php(25): ComposerAutoloaderInit770f7a45e3964107abb4198a4ba5b018::getLoader()
 8 APPPATH\Controllers\GoogleLogin.php(16): require_once('D:\\XAMPP\\htdocs\\attendance_system\\app\\Libraries\\vendor\\autoload.php')
 9 SYSTEMPATH\CodeIgniter.php(903): App\Controllers\GoogleLogin->__construct()
10 SYSTEMPATH\CodeIgniter.php(500): CodeIgniter\CodeIgniter->createController()
11 SYSTEMPATH\CodeIgniter.php(355): CodeIgniter\CodeIgniter->handleRequest(null, Object(Config\Cache), false)
12 SYSTEMPATH\Boot.php(325): CodeIgniter\CodeIgniter->run()
13 SYSTEMPATH\Boot.php(67): CodeIgniter\Boot::runCodeIgniter(Object(CodeIgniter\CodeIgniter))
14 FCPATH\index.php(56): CodeIgniter\Boot::bootWeb(Object(Config\Paths))
WARNING - 2025-01-16 10:40:17 --> [DEPRECATED] Return type of Google_Model::offsetGet($offset) should either be compatible with ArrayAccess::offsetGet(mixed $offset): mixed, or the #[\ReturnTypeWillChange] attribute should be used to temporarily suppress the notice in APPPATH\Libraries\vendor\google\apiclient\src\Google\Model.php on line 254.
 1 VENDORPATH\composer\ClassLoader.php(576): include('D:\\XAMPP\\htdocs\\attendance_system\\app\\Libraries\\vendor\\google\\apiclient\\src\\Google\\Model.php')
 2 VENDORPATH\composer\ClassLoader.php(427): Composer\Autoload\{closure}('D:\\XAMPP\\htdocs\\attendance_system\\app\\Libraries\\vendor\\composer/../google/apiclient/src\\Google\\Model.php')
 3 [internal function]: Composer\Autoload\ClassLoader->loadClass('Google_Model')
 4 APPPATH\Libraries\vendor\google\apiclient-services\autoload.php(21): class_alias('Google_Model', 'Google\\Model')
 5 APPPATH\Libraries\vendor\composer\autoload_real.php(41): require('D:\\XAMPP\\htdocs\\attendance_system\\app\\Libraries\\vendor\\google\\apiclient-services\\autoload.php')
 6 APPPATH\Libraries\vendor\composer\autoload_real.php(45): {closure}('1f87db08236948d07391152dccb70f04', 'D:\\XAMPP\\htdocs\\attendance_system\\app\\Libraries\\vendor\\composer/../google/apiclient-services/autoload.php')
 7 APPPATH\Libraries\vendor\autoload.php(25): ComposerAutoloaderInit770f7a45e3964107abb4198a4ba5b018::getLoader()
 8 APPPATH\Controllers\GoogleLogin.php(16): require_once('D:\\XAMPP\\htdocs\\attendance_system\\app\\Libraries\\vendor\\autoload.php')
 9 SYSTEMPATH\CodeIgniter.php(903): App\Controllers\GoogleLogin->__construct()
10 SYSTEMPATH\CodeIgniter.php(500): CodeIgniter\CodeIgniter->createController()
11 SYSTEMPATH\CodeIgniter.php(355): CodeIgniter\CodeIgniter->handleRequest(null, Object(Config\Cache), false)
12 SYSTEMPATH\Boot.php(325): CodeIgniter\CodeIgniter->run()
13 SYSTEMPATH\Boot.php(67): CodeIgniter\Boot::runCodeIgniter(Object(CodeIgniter\CodeIgniter))
14 FCPATH\index.php(56): CodeIgniter\Boot::bootWeb(Object(Config\Paths))
WARNING - 2025-01-16 10:40:17 --> [DEPRECATED] Return type of Google_Model::offsetSet($offset, $value) should either be compatible with ArrayAccess::offsetSet(mixed $offset, mixed $value): void, or the #[\ReturnTypeWillChange] attribute should be used to temporarily suppress the notice in APPPATH\Libraries\vendor\google\apiclient\src\Google\Model.php on line 261.
 1 VENDORPATH\composer\ClassLoader.php(576): include('D:\\XAMPP\\htdocs\\attendance_system\\app\\Libraries\\vendor\\google\\apiclient\\src\\Google\\Model.php')
 2 VENDORPATH\composer\ClassLoader.php(427): Composer\Autoload\{closure}('D:\\XAMPP\\htdocs\\attendance_system\\app\\Libraries\\vendor\\composer/../google/apiclient/src\\Google\\Model.php')
 3 [internal function]: Composer\Autoload\ClassLoader->loadClass('Google_Model')
 4 APPPATH\Libraries\vendor\google\apiclient-services\autoload.php(21): class_alias('Google_Model', 'Google\\Model')
 5 APPPATH\Libraries\vendor\composer\autoload_real.php(41): require('D:\\XAMPP\\htdocs\\attendance_system\\app\\Libraries\\vendor\\google\\apiclient-services\\autoload.php')
 6 APPPATH\Libraries\vendor\composer\autoload_real.php(45): {closure}('1f87db08236948d07391152dccb70f04', 'D:\\XAMPP\\htdocs\\attendance_system\\app\\Libraries\\vendor\\composer/../google/apiclient-services/autoload.php')
 7 APPPATH\Libraries\vendor\autoload.php(25): ComposerAutoloaderInit770f7a45e3964107abb4198a4ba5b018::getLoader()
 8 APPPATH\Controllers\GoogleLogin.php(16): require_once('D:\\XAMPP\\htdocs\\attendance_system\\app\\Libraries\\vendor\\autoload.php')
 9 SYSTEMPATH\CodeIgniter.php(903): App\Controllers\GoogleLogin->__construct()
10 SYSTEMPATH\CodeIgniter.php(500): CodeIgniter\CodeIgniter->createController()
11 SYSTEMPATH\CodeIgniter.php(355): CodeIgniter\CodeIgniter->handleRequest(null, Object(Config\Cache), false)
12 SYSTEMPATH\Boot.php(325): CodeIgniter\CodeIgniter->run()
13 SYSTEMPATH\Boot.php(67): CodeIgniter\Boot::runCodeIgniter(Object(CodeIgniter\CodeIgniter))
14 FCPATH\index.php(56): CodeIgniter\Boot::bootWeb(Object(Config\Paths))
WARNING - 2025-01-16 10:40:17 --> [DEPRECATED] Return type of Google_Model::offsetUnset($offset) should either be compatible with ArrayAccess::offsetUnset(mixed $offset): void, or the #[\ReturnTypeWillChange] attribute should be used to temporarily suppress the notice in APPPATH\Libraries\vendor\google\apiclient\src\Google\Model.php on line 271.
 1 VENDORPATH\composer\ClassLoader.php(576): include('D:\\XAMPP\\htdocs\\attendance_system\\app\\Libraries\\vendor\\google\\apiclient\\src\\Google\\Model.php')
 2 VENDORPATH\composer\ClassLoader.php(427): Composer\Autoload\{closure}('D:\\XAMPP\\htdocs\\attendance_system\\app\\Libraries\\vendor\\composer/../google/apiclient/src\\Google\\Model.php')
 3 [internal function]: Composer\Autoload\ClassLoader->loadClass('Google_Model')
 4 APPPATH\Libraries\vendor\google\apiclient-services\autoload.php(21): class_alias('Google_Model', 'Google\\Model')
 5 APPPATH\Libraries\vendor\composer\autoload_real.php(41): require('D:\\XAMPP\\htdocs\\attendance_system\\app\\Libraries\\vendor\\google\\apiclient-services\\autoload.php')
 6 APPPATH\Libraries\vendor\composer\autoload_real.php(45): {closure}('1f87db08236948d07391152dccb70f04', 'D:\\XAMPP\\htdocs\\attendance_system\\app\\Libraries\\vendor\\composer/../google/apiclient-services/autoload.php')
 7 APPPATH\Libraries\vendor\autoload.php(25): ComposerAutoloaderInit770f7a45e3964107abb4198a4ba5b018::getLoader()
 8 APPPATH\Controllers\GoogleLogin.php(16): require_once('D:\\XAMPP\\htdocs\\attendance_system\\app\\Libraries\\vendor\\autoload.php')
 9 SYSTEMPATH\CodeIgniter.php(903): App\Controllers\GoogleLogin->__construct()
10 SYSTEMPATH\CodeIgniter.php(500): CodeIgniter\CodeIgniter->createController()
11 SYSTEMPATH\CodeIgniter.php(355): CodeIgniter\CodeIgniter->handleRequest(null, Object(Config\Cache), false)
12 SYSTEMPATH\Boot.php(325): CodeIgniter\CodeIgniter->run()
13 SYSTEMPATH\Boot.php(67): CodeIgniter\Boot::runCodeIgniter(Object(CodeIgniter\CodeIgniter))
14 FCPATH\index.php(56): CodeIgniter\Boot::bootWeb(Object(Config\Paths))
WARNING - 2025-01-16 10:40:17 --> [DEPRECATED] Return type of Google_Collection::current() should either be compatible with Iterator::current(): mixed, or the #[\ReturnTypeWillChange] attribute should be used to temporarily suppress the notice in APPPATH\Libraries\vendor\google\apiclient\src\Google\Collection.php on line 24.
 1 VENDORPATH\composer\ClassLoader.php(576): include('D:\\XAMPP\\htdocs\\attendance_system\\app\\Libraries\\vendor\\google\\apiclient\\src\\Google\\Collection.php')
 2 VENDORPATH\composer\ClassLoader.php(427): Composer\Autoload\{closure}('D:\\XAMPP\\htdocs\\attendance_system\\app\\Libraries\\vendor\\composer/../google/apiclient/src\\Google\\Collection.php')
 3 [internal function]: Composer\Autoload\ClassLoader->loadClass('Google_Collection')
 4 APPPATH\Libraries\vendor\google\apiclient-services\autoload.php(21): class_alias('Google_Collection', 'Google\\Collection')
 5 APPPATH\Libraries\vendor\composer\autoload_real.php(41): require('D:\\XAMPP\\htdocs\\attendance_system\\app\\Libraries\\vendor\\google\\apiclient-services\\autoload.php')
 6 APPPATH\Libraries\vendor\composer\autoload_real.php(45): {closure}('1f87db08236948d07391152dccb70f04', 'D:\\XAMPP\\htdocs\\attendance_system\\app\\Libraries\\vendor\\composer/../google/apiclient-services/autoload.php')
 7 APPPATH\Libraries\vendor\autoload.php(25): ComposerAutoloaderInit770f7a45e3964107abb4198a4ba5b018::getLoader()
 8 APPPATH\Controllers\GoogleLogin.php(16): require_once('D:\\XAMPP\\htdocs\\attendance_system\\app\\Libraries\\vendor\\autoload.php')
 9 SYSTEMPATH\CodeIgniter.php(903): App\Controllers\GoogleLogin->__construct()
10 SYSTEMPATH\CodeIgniter.php(500): CodeIgniter\CodeIgniter->createController()
11 SYSTEMPATH\CodeIgniter.php(355): CodeIgniter\CodeIgniter->handleRequest(null, Object(Config\Cache), false)
12 SYSTEMPATH\Boot.php(325): CodeIgniter\CodeIgniter->run()
13 SYSTEMPATH\Boot.php(67): CodeIgniter\Boot::runCodeIgniter(Object(CodeIgniter\CodeIgniter))
14 FCPATH\index.php(56): CodeIgniter\Boot::bootWeb(Object(Config\Paths))
WARNING - 2025-01-16 10:40:17 --> [DEPRECATED] Return type of Google_Collection::next() should either be compatible with Iterator::next(): void, or the #[\ReturnTypeWillChange] attribute should be used to temporarily suppress the notice in APPPATH\Libraries\vendor\google\apiclient\src\Google\Collection.php on line 40.
 1 VENDORPATH\composer\ClassLoader.php(576): include('D:\\XAMPP\\htdocs\\attendance_system\\app\\Libraries\\vendor\\google\\apiclient\\src\\Google\\Collection.php')
 2 VENDORPATH\composer\ClassLoader.php(427): Composer\Autoload\{closure}('D:\\XAMPP\\htdocs\\attendance_system\\app\\Libraries\\vendor\\composer/../google/apiclient/src\\Google\\Collection.php')
 3 [internal function]: Composer\Autoload\ClassLoader->loadClass('Google_Collection')
 4 APPPATH\Libraries\vendor\google\apiclient-services\autoload.php(21): class_alias('Google_Collection', 'Google\\Collection')
 5 APPPATH\Libraries\vendor\composer\autoload_real.php(41): require('D:\\XAMPP\\htdocs\\attendance_system\\app\\Libraries\\vendor\\google\\apiclient-services\\autoload.php')
 6 APPPATH\Libraries\vendor\composer\autoload_real.php(45): {closure}('1f87db08236948d07391152dccb70f04', 'D:\\XAMPP\\htdocs\\attendance_system\\app\\Libraries\\vendor\\composer/../google/apiclient-services/autoload.php')
 7 APPPATH\Libraries\vendor\autoload.php(25): ComposerAutoloaderInit770f7a45e3964107abb4198a4ba5b018::getLoader()
 8 APPPATH\Controllers\GoogleLogin.php(16): require_once('D:\\XAMPP\\htdocs\\attendance_system\\app\\Libraries\\vendor\\autoload.php')
 9 SYSTEMPATH\CodeIgniter.php(903): App\Controllers\GoogleLogin->__construct()
10 SYSTEMPATH\CodeIgniter.php(500): CodeIgniter\CodeIgniter->createController()
11 SYSTEMPATH\CodeIgniter.php(355): CodeIgniter\CodeIgniter->handleRequest(null, Object(Config\Cache), false)
12 SYSTEMPATH\Boot.php(325): CodeIgniter\CodeIgniter->run()
13 SYSTEMPATH\Boot.php(67): CodeIgniter\Boot::runCodeIgniter(Object(CodeIgniter\CodeIgniter))
14 FCPATH\index.php(56): CodeIgniter\Boot::bootWeb(Object(Config\Paths))
WARNING - 2025-01-16 10:40:17 --> [DEPRECATED] Return type of Google_Collection::key() should either be compatible with Iterator::key(): mixed, or the #[\ReturnTypeWillChange] attribute should be used to temporarily suppress the notice in APPPATH\Libraries\vendor\google\apiclient\src\Google\Collection.php on line 32.
 1 VENDORPATH\composer\ClassLoader.php(576): include('D:\\XAMPP\\htdocs\\attendance_system\\app\\Libraries\\vendor\\google\\apiclient\\src\\Google\\Collection.php')
 2 VENDORPATH\composer\ClassLoader.php(427): Composer\Autoload\{closure}('D:\\XAMPP\\htdocs\\attendance_system\\app\\Libraries\\vendor\\composer/../google/apiclient/src\\Google\\Collection.php')
 3 [internal function]: Composer\Autoload\ClassLoader->loadClass('Google_Collection')
 4 APPPATH\Libraries\vendor\google\apiclient-services\autoload.php(21): class_alias('Google_Collection', 'Google\\Collection')
 5 APPPATH\Libraries\vendor\composer\autoload_real.php(41): require('D:\\XAMPP\\htdocs\\attendance_system\\app\\Libraries\\vendor\\google\\apiclient-services\\autoload.php')
 6 APPPATH\Libraries\vendor\composer\autoload_real.php(45): {closure}('1f87db08236948d07391152dccb70f04', 'D:\\XAMPP\\htdocs\\attendance_system\\app\\Libraries\\vendor\\composer/../google/apiclient-services/autoload.php')
 7 APPPATH\Libraries\vendor\autoload.php(25): ComposerAutoloaderInit770f7a45e3964107abb4198a4ba5b018::getLoader()
 8 APPPATH\Controllers\GoogleLogin.php(16): require_once('D:\\XAMPP\\htdocs\\attendance_system\\app\\Libraries\\vendor\\autoload.php')
 9 SYSTEMPATH\CodeIgniter.php(903): App\Controllers\GoogleLogin->__construct()
10 SYSTEMPATH\CodeIgniter.php(500): CodeIgniter\CodeIgniter->createController()
11 SYSTEMPATH\CodeIgniter.php(355): CodeIgniter\CodeIgniter->handleRequest(null, Object(Config\Cache), false)
12 SYSTEMPATH\Boot.php(325): CodeIgniter\CodeIgniter->run()
13 SYSTEMPATH\Boot.php(67): CodeIgniter\Boot::runCodeIgniter(Object(CodeIgniter\CodeIgniter))
14 FCPATH\index.php(56): CodeIgniter\Boot::bootWeb(Object(Config\Paths))
WARNING - 2025-01-16 10:40:17 --> [DEPRECATED] Return type of Google_Collection::valid() should either be compatible with Iterator::valid(): bool, or the #[\ReturnTypeWillChange] attribute should be used to temporarily suppress the notice in APPPATH\Libraries\vendor\google\apiclient\src\Google\Collection.php on line 45.
 1 VENDORPATH\composer\ClassLoader.php(576): include('D:\\XAMPP\\htdocs\\attendance_system\\app\\Libraries\\vendor\\google\\apiclient\\src\\Google\\Collection.php')
 2 VENDORPATH\composer\ClassLoader.php(427): Composer\Autoload\{closure}('D:\\XAMPP\\htdocs\\attendance_system\\app\\Libraries\\vendor\\composer/../google/apiclient/src\\Google\\Collection.php')
 3 [internal function]: Composer\Autoload\ClassLoader->loadClass('Google_Collection')
 4 APPPATH\Libraries\vendor\google\apiclient-services\autoload.php(21): class_alias('Google_Collection', 'Google\\Collection')
 5 APPPATH\Libraries\vendor\composer\autoload_real.php(41): require('D:\\XAMPP\\htdocs\\attendance_system\\app\\Libraries\\vendor\\google\\apiclient-services\\autoload.php')
 6 APPPATH\Libraries\vendor\composer\autoload_real.php(45): {closure}('1f87db08236948d07391152dccb70f04', 'D:\\XAMPP\\htdocs\\attendance_system\\app\\Libraries\\vendor\\composer/../google/apiclient-services/autoload.php')
 7 APPPATH\Libraries\vendor\autoload.php(25): ComposerAutoloaderInit770f7a45e3964107abb4198a4ba5b018::getLoader()
 8 APPPATH\Controllers\GoogleLogin.php(16): require_once('D:\\XAMPP\\htdocs\\attendance_system\\app\\Libraries\\vendor\\autoload.php')
 9 SYSTEMPATH\CodeIgniter.php(903): App\Controllers\GoogleLogin->__construct()
10 SYSTEMPATH\CodeIgniter.php(500): CodeIgniter\CodeIgniter->createController()
11 SYSTEMPATH\CodeIgniter.php(355): CodeIgniter\CodeIgniter->handleRequest(null, Object(Config\Cache), false)
12 SYSTEMPATH\Boot.php(325): CodeIgniter\CodeIgniter->run()
13 SYSTEMPATH\Boot.php(67): CodeIgniter\Boot::runCodeIgniter(Object(CodeIgniter\CodeIgniter))
14 FCPATH\index.php(56): CodeIgniter\Boot::bootWeb(Object(Config\Paths))
WARNING - 2025-01-16 10:40:17 --> [DEPRECATED] Return type of Google_Collection::rewind() should either be compatible with Iterator::rewind(): void, or the #[\ReturnTypeWillChange] attribute should be used to temporarily suppress the notice in APPPATH\Libraries\vendor\google\apiclient\src\Google\Collection.php on line 16.
 1 VENDORPATH\composer\ClassLoader.php(576): include('D:\\XAMPP\\htdocs\\attendance_system\\app\\Libraries\\vendor\\google\\apiclient\\src\\Google\\Collection.php')
 2 VENDORPATH\composer\ClassLoader.php(427): Composer\Autoload\{closure}('D:\\XAMPP\\htdocs\\attendance_system\\app\\Libraries\\vendor\\composer/../google/apiclient/src\\Google\\Collection.php')
 3 [internal function]: Composer\Autoload\ClassLoader->loadClass('Google_Collection')
 4 APPPATH\Libraries\vendor\google\apiclient-services\autoload.php(21): class_alias('Google_Collection', 'Google\\Collection')
 5 APPPATH\Libraries\vendor\composer\autoload_real.php(41): require('D:\\XAMPP\\htdocs\\attendance_system\\app\\Libraries\\vendor\\google\\apiclient-services\\autoload.php')
 6 APPPATH\Libraries\vendor\composer\autoload_real.php(45): {closure}('1f87db08236948d07391152dccb70f04', 'D:\\XAMPP\\htdocs\\attendance_system\\app\\Libraries\\vendor\\composer/../google/apiclient-services/autoload.php')
 7 APPPATH\Libraries\vendor\autoload.php(25): ComposerAutoloaderInit770f7a45e3964107abb4198a4ba5b018::getLoader()
 8 APPPATH\Controllers\GoogleLogin.php(16): require_once('D:\\XAMPP\\htdocs\\attendance_system\\app\\Libraries\\vendor\\autoload.php')
 9 SYSTEMPATH\CodeIgniter.php(903): App\Controllers\GoogleLogin->__construct()
10 SYSTEMPATH\CodeIgniter.php(500): CodeIgniter\CodeIgniter->createController()
11 SYSTEMPATH\CodeIgniter.php(355): CodeIgniter\CodeIgniter->handleRequest(null, Object(Config\Cache), false)
12 SYSTEMPATH\Boot.php(325): CodeIgniter\CodeIgniter->run()
13 SYSTEMPATH\Boot.php(67): CodeIgniter\Boot::runCodeIgniter(Object(CodeIgniter\CodeIgniter))
14 FCPATH\index.php(56): CodeIgniter\Boot::bootWeb(Object(Config\Paths))
WARNING - 2025-01-16 10:40:17 --> [DEPRECATED] Return type of Google_Collection::count() should either be compatible with Countable::count(): int, or the #[\ReturnTypeWillChange] attribute should be used to temporarily suppress the notice in APPPATH\Libraries\vendor\google\apiclient\src\Google\Collection.php on line 51.
 1 VENDORPATH\composer\ClassLoader.php(576): include('D:\\XAMPP\\htdocs\\attendance_system\\app\\Libraries\\vendor\\google\\apiclient\\src\\Google\\Collection.php')
 2 VENDORPATH\composer\ClassLoader.php(427): Composer\Autoload\{closure}('D:\\XAMPP\\htdocs\\attendance_system\\app\\Libraries\\vendor\\composer/../google/apiclient/src\\Google\\Collection.php')
 3 [internal function]: Composer\Autoload\ClassLoader->loadClass('Google_Collection')
 4 APPPATH\Libraries\vendor\google\apiclient-services\autoload.php(21): class_alias('Google_Collection', 'Google\\Collection')
 5 APPPATH\Libraries\vendor\composer\autoload_real.php(41): require('D:\\XAMPP\\htdocs\\attendance_system\\app\\Libraries\\vendor\\google\\apiclient-services\\autoload.php')
 6 APPPATH\Libraries\vendor\composer\autoload_real.php(45): {closure}('1f87db08236948d07391152dccb70f04', 'D:\\XAMPP\\htdocs\\attendance_system\\app\\Libraries\\vendor\\composer/../google/apiclient-services/autoload.php')
 7 APPPATH\Libraries\vendor\autoload.php(25): ComposerAutoloaderInit770f7a45e3964107abb4198a4ba5b018::getLoader()
 8 APPPATH\Controllers\GoogleLogin.php(16): require_once('D:\\XAMPP\\htdocs\\attendance_system\\app\\Libraries\\vendor\\autoload.php')
 9 SYSTEMPATH\CodeIgniter.php(903): App\Controllers\GoogleLogin->__construct()
10 SYSTEMPATH\CodeIgniter.php(500): CodeIgniter\CodeIgniter->createController()
11 SYSTEMPATH\CodeIgniter.php(355): CodeIgniter\CodeIgniter->handleRequest(null, Object(Config\Cache), false)
12 SYSTEMPATH\Boot.php(325): CodeIgniter\CodeIgniter->run()
13 SYSTEMPATH\Boot.php(67): CodeIgniter\Boot::runCodeIgniter(Object(CodeIgniter\CodeIgniter))
14 FCPATH\index.php(56): CodeIgniter\Boot::bootWeb(Object(Config\Paths))
INFO - 2025-01-16 10:40:17 --> Session: Class initialized using 'CodeIgniter\Session\Handlers\FileHandler' driver.
WARNING - 2025-01-16 10:40:17 --> [DEPRECATED] Creation of dynamic property App\Controllers\GoogleLogin::$session is deprecated in APPPATH\Controllers\BaseController.php on line 59.
 1 SYSTEMPATH\CodeIgniter.php(904): App\Controllers\BaseController->initController(Object(CodeIgniter\HTTP\IncomingRequest), Object(CodeIgniter\HTTP\Response), Object(CodeIgniter\Log\Logger))
 2 SYSTEMPATH\CodeIgniter.php(500): CodeIgniter\CodeIgniter->createController()
 3 SYSTEMPATH\CodeIgniter.php(355): CodeIgniter\CodeIgniter->handleRequest(null, Object(Config\Cache), false)
 4 SYSTEMPATH\Boot.php(325): CodeIgniter\CodeIgniter->run()
 5 SYSTEMPATH\Boot.php(67): CodeIgniter\Boot::runCodeIgniter(Object(CodeIgniter\CodeIgniter))
 6 FCPATH\index.php(56): CodeIgniter\Boot::bootWeb(Object(Config\Paths))
WARNING - 2025-01-16 10:40:17 --> Session: Sessions is enabled, and one exists. Please don't $session->start();
WARNING - 2025-01-16 10:40:18 --> [DEPRECATED] Return type of Google_Model::offsetExists($offset) should either be compatible with ArrayAccess::offsetExists(mixed $offset): bool, or the #[\ReturnTypeWillChange] attribute should be used to temporarily suppress the notice in APPPATH\Libraries\vendor\google\apiclient\src\Google\Model.php on line 249.
 1 VENDORPATH\composer\ClassLoader.php(576): include('D:\\XAMPP\\htdocs\\attendance_system\\app\\Libraries\\vendor\\google\\apiclient\\src\\Google\\Model.php')
 2 VENDORPATH\composer\ClassLoader.php(427): Composer\Autoload\{closure}('D:\\XAMPP\\htdocs\\attendance_system\\app\\Libraries\\vendor\\composer/../google/apiclient/src\\Google\\Model.php')
 3 [internal function]: Composer\Autoload\ClassLoader->loadClass('Google_Model')
 4 APPPATH\Libraries\vendor\google\apiclient-services\autoload.php(21): class_alias('Google_Model', 'Google\\Model')
 5 APPPATH\Libraries\vendor\composer\autoload_real.php(41): require('D:\\XAMPP\\htdocs\\attendance_system\\app\\Libraries\\vendor\\google\\apiclient-services\\autoload.php')
 6 APPPATH\Libraries\vendor\composer\autoload_real.php(45): {closure}('1f87db08236948d07391152dccb70f04', 'D:\\XAMPP\\htdocs\\attendance_system\\app\\Libraries\\vendor\\composer/../google/apiclient-services/autoload.php')
 7 APPPATH\Libraries\vendor\autoload.php(25): ComposerAutoloaderInit770f7a45e3964107abb4198a4ba5b018::getLoader()
 8 APPPATH\Controllers\GoogleLogin.php(16): require_once('D:\\XAMPP\\htdocs\\attendance_system\\app\\Libraries\\vendor\\autoload.php')
 9 SYSTEMPATH\CodeIgniter.php(903): App\Controllers\GoogleLogin->__construct()
10 SYSTEMPATH\CodeIgniter.php(500): CodeIgniter\CodeIgniter->createController()
11 SYSTEMPATH\CodeIgniter.php(355): CodeIgniter\CodeIgniter->handleRequest(null, Object(Config\Cache), false)
12 SYSTEMPATH\Boot.php(325): CodeIgniter\CodeIgniter->run()
13 SYSTEMPATH\Boot.php(67): CodeIgniter\Boot::runCodeIgniter(Object(CodeIgniter\CodeIgniter))
14 FCPATH\index.php(56): CodeIgniter\Boot::bootWeb(Object(Config\Paths))
WARNING - 2025-01-16 10:40:18 --> [DEPRECATED] Return type of Google_Model::offsetGet($offset) should either be compatible with ArrayAccess::offsetGet(mixed $offset): mixed, or the #[\ReturnTypeWillChange] attribute should be used to temporarily suppress the notice in APPPATH\Libraries\vendor\google\apiclient\src\Google\Model.php on line 254.
 1 VENDORPATH\composer\ClassLoader.php(576): include('D:\\XAMPP\\htdocs\\attendance_system\\app\\Libraries\\vendor\\google\\apiclient\\src\\Google\\Model.php')
 2 VENDORPATH\composer\ClassLoader.php(427): Composer\Autoload\{closure}('D:\\XAMPP\\htdocs\\attendance_system\\app\\Libraries\\vendor\\composer/../google/apiclient/src\\Google\\Model.php')
 3 [internal function]: Composer\Autoload\ClassLoader->loadClass('Google_Model')
 4 APPPATH\Libraries\vendor\google\apiclient-services\autoload.php(21): class_alias('Google_Model', 'Google\\Model')
 5 APPPATH\Libraries\vendor\composer\autoload_real.php(41): require('D:\\XAMPP\\htdocs\\attendance_system\\app\\Libraries\\vendor\\google\\apiclient-services\\autoload.php')
 6 APPPATH\Libraries\vendor\composer\autoload_real.php(45): {closure}('1f87db08236948d07391152dccb70f04', 'D:\\XAMPP\\htdocs\\attendance_system\\app\\Libraries\\vendor\\composer/../google/apiclient-services/autoload.php')
 7 APPPATH\Libraries\vendor\autoload.php(25): ComposerAutoloaderInit770f7a45e3964107abb4198a4ba5b018::getLoader()
 8 APPPATH\Controllers\GoogleLogin.php(16): require_once('D:\\XAMPP\\htdocs\\attendance_system\\app\\Libraries\\vendor\\autoload.php')
 9 SYSTEMPATH\CodeIgniter.php(903): App\Controllers\GoogleLogin->__construct()
10 SYSTEMPATH\CodeIgniter.php(500): CodeIgniter\CodeIgniter->createController()
11 SYSTEMPATH\CodeIgniter.php(355): CodeIgniter\CodeIgniter->handleRequest(null, Object(Config\Cache), false)
12 SYSTEMPATH\Boot.php(325): CodeIgniter\CodeIgniter->run()
13 SYSTEMPATH\Boot.php(67): CodeIgniter\Boot::runCodeIgniter(Object(CodeIgniter\CodeIgniter))
14 FCPATH\index.php(56): CodeIgniter\Boot::bootWeb(Object(Config\Paths))
WARNING - 2025-01-16 10:40:18 --> [DEPRECATED] Return type of Google_Model::offsetSet($offset, $value) should either be compatible with ArrayAccess::offsetSet(mixed $offset, mixed $value): void, or the #[\ReturnTypeWillChange] attribute should be used to temporarily suppress the notice in APPPATH\Libraries\vendor\google\apiclient\src\Google\Model.php on line 261.
 1 VENDORPATH\composer\ClassLoader.php(576): include('D:\\XAMPP\\htdocs\\attendance_system\\app\\Libraries\\vendor\\google\\apiclient\\src\\Google\\Model.php')
 2 VENDORPATH\composer\ClassLoader.php(427): Composer\Autoload\{closure}('D:\\XAMPP\\htdocs\\attendance_system\\app\\Libraries\\vendor\\composer/../google/apiclient/src\\Google\\Model.php')
 3 [internal function]: Composer\Autoload\ClassLoader->loadClass('Google_Model')
 4 APPPATH\Libraries\vendor\google\apiclient-services\autoload.php(21): class_alias('Google_Model', 'Google\\Model')
 5 APPPATH\Libraries\vendor\composer\autoload_real.php(41): require('D:\\XAMPP\\htdocs\\attendance_system\\app\\Libraries\\vendor\\google\\apiclient-services\\autoload.php')
 6 APPPATH\Libraries\vendor\composer\autoload_real.php(45): {closure}('1f87db08236948d07391152dccb70f04', 'D:\\XAMPP\\htdocs\\attendance_system\\app\\Libraries\\vendor\\composer/../google/apiclient-services/autoload.php')
 7 APPPATH\Libraries\vendor\autoload.php(25): ComposerAutoloaderInit770f7a45e3964107abb4198a4ba5b018::getLoader()
 8 APPPATH\Controllers\GoogleLogin.php(16): require_once('D:\\XAMPP\\htdocs\\attendance_system\\app\\Libraries\\vendor\\autoload.php')
 9 SYSTEMPATH\CodeIgniter.php(903): App\Controllers\GoogleLogin->__construct()
10 SYSTEMPATH\CodeIgniter.php(500): CodeIgniter\CodeIgniter->createController()
11 SYSTEMPATH\CodeIgniter.php(355): CodeIgniter\CodeIgniter->handleRequest(null, Object(Config\Cache), false)
12 SYSTEMPATH\Boot.php(325): CodeIgniter\CodeIgniter->run()
13 SYSTEMPATH\Boot.php(67): CodeIgniter\Boot::runCodeIgniter(Object(CodeIgniter\CodeIgniter))
14 FCPATH\index.php(56): CodeIgniter\Boot::bootWeb(Object(Config\Paths))
WARNING - 2025-01-16 10:40:18 --> [DEPRECATED] Return type of Google_Model::offsetUnset($offset) should either be compatible with ArrayAccess::offsetUnset(mixed $offset): void, or the #[\ReturnTypeWillChange] attribute should be used to temporarily suppress the notice in APPPATH\Libraries\vendor\google\apiclient\src\Google\Model.php on line 271.
 1 VENDORPATH\composer\ClassLoader.php(576): include('D:\\XAMPP\\htdocs\\attendance_system\\app\\Libraries\\vendor\\google\\apiclient\\src\\Google\\Model.php')
 2 VENDORPATH\composer\ClassLoader.php(427): Composer\Autoload\{closure}('D:\\XAMPP\\htdocs\\attendance_system\\app\\Libraries\\vendor\\composer/../google/apiclient/src\\Google\\Model.php')
 3 [internal function]: Composer\Autoload\ClassLoader->loadClass('Google_Model')
 4 APPPATH\Libraries\vendor\google\apiclient-services\autoload.php(21): class_alias('Google_Model', 'Google\\Model')
 5 APPPATH\Libraries\vendor\composer\autoload_real.php(41): require('D:\\XAMPP\\htdocs\\attendance_system\\app\\Libraries\\vendor\\google\\apiclient-services\\autoload.php')
 6 APPPATH\Libraries\vendor\composer\autoload_real.php(45): {closure}('1f87db08236948d07391152dccb70f04', 'D:\\XAMPP\\htdocs\\attendance_system\\app\\Libraries\\vendor\\composer/../google/apiclient-services/autoload.php')
 7 APPPATH\Libraries\vendor\autoload.php(25): ComposerAutoloaderInit770f7a45e3964107abb4198a4ba5b018::getLoader()
 8 APPPATH\Controllers\GoogleLogin.php(16): require_once('D:\\XAMPP\\htdocs\\attendance_system\\app\\Libraries\\vendor\\autoload.php')
 9 SYSTEMPATH\CodeIgniter.php(903): App\Controllers\GoogleLogin->__construct()
10 SYSTEMPATH\CodeIgniter.php(500): CodeIgniter\CodeIgniter->createController()
11 SYSTEMPATH\CodeIgniter.php(355): CodeIgniter\CodeIgniter->handleRequest(null, Object(Config\Cache), false)
12 SYSTEMPATH\Boot.php(325): CodeIgniter\CodeIgniter->run()
13 SYSTEMPATH\Boot.php(67): CodeIgniter\Boot::runCodeIgniter(Object(CodeIgniter\CodeIgniter))
14 FCPATH\index.php(56): CodeIgniter\Boot::bootWeb(Object(Config\Paths))
WARNING - 2025-01-16 10:40:18 --> [DEPRECATED] Return type of Google_Collection::current() should either be compatible with Iterator::current(): mixed, or the #[\ReturnTypeWillChange] attribute should be used to temporarily suppress the notice in APPPATH\Libraries\vendor\google\apiclient\src\Google\Collection.php on line 24.
 1 VENDORPATH\composer\ClassLoader.php(576): include('D:\\XAMPP\\htdocs\\attendance_system\\app\\Libraries\\vendor\\google\\apiclient\\src\\Google\\Collection.php')
 2 VENDORPATH\composer\ClassLoader.php(427): Composer\Autoload\{closure}('D:\\XAMPP\\htdocs\\attendance_system\\app\\Libraries\\vendor\\composer/../google/apiclient/src\\Google\\Collection.php')
 3 [internal function]: Composer\Autoload\ClassLoader->loadClass('Google_Collection')
 4 APPPATH\Libraries\vendor\google\apiclient-services\autoload.php(21): class_alias('Google_Collection', 'Google\\Collection')
 5 APPPATH\Libraries\vendor\composer\autoload_real.php(41): require('D:\\XAMPP\\htdocs\\attendance_system\\app\\Libraries\\vendor\\google\\apiclient-services\\autoload.php')
 6 APPPATH\Libraries\vendor\composer\autoload_real.php(45): {closure}('1f87db08236948d07391152dccb70f04', 'D:\\XAMPP\\htdocs\\attendance_system\\app\\Libraries\\vendor\\composer/../google/apiclient-services/autoload.php')
 7 APPPATH\Libraries\vendor\autoload.php(25): ComposerAutoloaderInit770f7a45e3964107abb4198a4ba5b018::getLoader()
 8 APPPATH\Controllers\GoogleLogin.php(16): require_once('D:\\XAMPP\\htdocs\\attendance_system\\app\\Libraries\\vendor\\autoload.php')
 9 SYSTEMPATH\CodeIgniter.php(903): App\Controllers\GoogleLogin->__construct()
10 SYSTEMPATH\CodeIgniter.php(500): CodeIgniter\CodeIgniter->createController()
11 SYSTEMPATH\CodeIgniter.php(355): CodeIgniter\CodeIgniter->handleRequest(null, Object(Config\Cache), false)
12 SYSTEMPATH\Boot.php(325): CodeIgniter\CodeIgniter->run()
13 SYSTEMPATH\Boot.php(67): CodeIgniter\Boot::runCodeIgniter(Object(CodeIgniter\CodeIgniter))
14 FCPATH\index.php(56): CodeIgniter\Boot::bootWeb(Object(Config\Paths))
WARNING - 2025-01-16 10:40:18 --> [DEPRECATED] Return type of Google_Collection::next() should either be compatible with Iterator::next(): void, or the #[\ReturnTypeWillChange] attribute should be used to temporarily suppress the notice in APPPATH\Libraries\vendor\google\apiclient\src\Google\Collection.php on line 40.
 1 VENDORPATH\composer\ClassLoader.php(576): include('D:\\XAMPP\\htdocs\\attendance_system\\app\\Libraries\\vendor\\google\\apiclient\\src\\Google\\Collection.php')
 2 VENDORPATH\composer\ClassLoader.php(427): Composer\Autoload\{closure}('D:\\XAMPP\\htdocs\\attendance_system\\app\\Libraries\\vendor\\composer/../google/apiclient/src\\Google\\Collection.php')
 3 [internal function]: Composer\Autoload\ClassLoader->loadClass('Google_Collection')
 4 APPPATH\Libraries\vendor\google\apiclient-services\autoload.php(21): class_alias('Google_Collection', 'Google\\Collection')
 5 APPPATH\Libraries\vendor\composer\autoload_real.php(41): require('D:\\XAMPP\\htdocs\\attendance_system\\app\\Libraries\\vendor\\google\\apiclient-services\\autoload.php')
 6 APPPATH\Libraries\vendor\composer\autoload_real.php(45): {closure}('1f87db08236948d07391152dccb70f04', 'D:\\XAMPP\\htdocs\\attendance_system\\app\\Libraries\\vendor\\composer/../google/apiclient-services/autoload.php')
 7 APPPATH\Libraries\vendor\autoload.php(25): ComposerAutoloaderInit770f7a45e3964107abb4198a4ba5b018::getLoader()
 8 APPPATH\Controllers\GoogleLogin.php(16): require_once('D:\\XAMPP\\htdocs\\attendance_system\\app\\Libraries\\vendor\\autoload.php')
 9 SYSTEMPATH\CodeIgniter.php(903): App\Controllers\GoogleLogin->__construct()
10 SYSTEMPATH\CodeIgniter.php(500): CodeIgniter\CodeIgniter->createController()
11 SYSTEMPATH\CodeIgniter.php(355): CodeIgniter\CodeIgniter->handleRequest(null, Object(Config\Cache), false)
12 SYSTEMPATH\Boot.php(325): CodeIgniter\CodeIgniter->run()
13 SYSTEMPATH\Boot.php(67): CodeIgniter\Boot::runCodeIgniter(Object(CodeIgniter\CodeIgniter))
14 FCPATH\index.php(56): CodeIgniter\Boot::bootWeb(Object(Config\Paths))
WARNING - 2025-01-16 10:40:18 --> [DEPRECATED] Return type of Google_Collection::key() should either be compatible with Iterator::key(): mixed, or the #[\ReturnTypeWillChange] attribute should be used to temporarily suppress the notice in APPPATH\Libraries\vendor\google\apiclient\src\Google\Collection.php on line 32.
 1 VENDORPATH\composer\ClassLoader.php(576): include('D:\\XAMPP\\htdocs\\attendance_system\\app\\Libraries\\vendor\\google\\apiclient\\src\\Google\\Collection.php')
 2 VENDORPATH\composer\ClassLoader.php(427): Composer\Autoload\{closure}('D:\\XAMPP\\htdocs\\attendance_system\\app\\Libraries\\vendor\\composer/../google/apiclient/src\\Google\\Collection.php')
 3 [internal function]: Composer\Autoload\ClassLoader->loadClass('Google_Collection')
 4 APPPATH\Libraries\vendor\google\apiclient-services\autoload.php(21): class_alias('Google_Collection', 'Google\\Collection')
 5 APPPATH\Libraries\vendor\composer\autoload_real.php(41): require('D:\\XAMPP\\htdocs\\attendance_system\\app\\Libraries\\vendor\\google\\apiclient-services\\autoload.php')
 6 APPPATH\Libraries\vendor\composer\autoload_real.php(45): {closure}('1f87db08236948d07391152dccb70f04', 'D:\\XAMPP\\htdocs\\attendance_system\\app\\Libraries\\vendor\\composer/../google/apiclient-services/autoload.php')
 7 APPPATH\Libraries\vendor\autoload.php(25): ComposerAutoloaderInit770f7a45e3964107abb4198a4ba5b018::getLoader()
 8 APPPATH\Controllers\GoogleLogin.php(16): require_once('D:\\XAMPP\\htdocs\\attendance_system\\app\\Libraries\\vendor\\autoload.php')
 9 SYSTEMPATH\CodeIgniter.php(903): App\Controllers\GoogleLogin->__construct()
10 SYSTEMPATH\CodeIgniter.php(500): CodeIgniter\CodeIgniter->createController()
11 SYSTEMPATH\CodeIgniter.php(355): CodeIgniter\CodeIgniter->handleRequest(null, Object(Config\Cache), false)
12 SYSTEMPATH\Boot.php(325): CodeIgniter\CodeIgniter->run()
13 SYSTEMPATH\Boot.php(67): CodeIgniter\Boot::runCodeIgniter(Object(CodeIgniter\CodeIgniter))
14 FCPATH\index.php(56): CodeIgniter\Boot::bootWeb(Object(Config\Paths))
WARNING - 2025-01-16 10:40:18 --> [DEPRECATED] Return type of Google_Collection::valid() should either be compatible with Iterator::valid(): bool, or the #[\ReturnTypeWillChange] attribute should be used to temporarily suppress the notice in APPPATH\Libraries\vendor\google\apiclient\src\Google\Collection.php on line 45.
 1 VENDORPATH\composer\ClassLoader.php(576): include('D:\\XAMPP\\htdocs\\attendance_system\\app\\Libraries\\vendor\\google\\apiclient\\src\\Google\\Collection.php')
 2 VENDORPATH\composer\ClassLoader.php(427): Composer\Autoload\{closure}('D:\\XAMPP\\htdocs\\attendance_system\\app\\Libraries\\vendor\\composer/../google/apiclient/src\\Google\\Collection.php')
 3 [internal function]: Composer\Autoload\ClassLoader->loadClass('Google_Collection')
 4 APPPATH\Libraries\vendor\google\apiclient-services\autoload.php(21): class_alias('Google_Collection', 'Google\\Collection')
 5 APPPATH\Libraries\vendor\composer\autoload_real.php(41): require('D:\\XAMPP\\htdocs\\attendance_system\\app\\Libraries\\vendor\\google\\apiclient-services\\autoload.php')
 6 APPPATH\Libraries\vendor\composer\autoload_real.php(45): {closure}('1f87db08236948d07391152dccb70f04', 'D:\\XAMPP\\htdocs\\attendance_system\\app\\Libraries\\vendor\\composer/../google/apiclient-services/autoload.php')
 7 APPPATH\Libraries\vendor\autoload.php(25): ComposerAutoloaderInit770f7a45e3964107abb4198a4ba5b018::getLoader()
 8 APPPATH\Controllers\GoogleLogin.php(16): require_once('D:\\XAMPP\\htdocs\\attendance_system\\app\\Libraries\\vendor\\autoload.php')
 9 SYSTEMPATH\CodeIgniter.php(903): App\Controllers\GoogleLogin->__construct()
10 SYSTEMPATH\CodeIgniter.php(500): CodeIgniter\CodeIgniter->createController()
11 SYSTEMPATH\CodeIgniter.php(355): CodeIgniter\CodeIgniter->handleRequest(null, Object(Config\Cache), false)
12 SYSTEMPATH\Boot.php(325): CodeIgniter\CodeIgniter->run()
13 SYSTEMPATH\Boot.php(67): CodeIgniter\Boot::runCodeIgniter(Object(CodeIgniter\CodeIgniter))
14 FCPATH\index.php(56): CodeIgniter\Boot::bootWeb(Object(Config\Paths))
WARNING - 2025-01-16 10:40:18 --> [DEPRECATED] Return type of Google_Collection::rewind() should either be compatible with Iterator::rewind(): void, or the #[\ReturnTypeWillChange] attribute should be used to temporarily suppress the notice in APPPATH\Libraries\vendor\google\apiclient\src\Google\Collection.php on line 16.
 1 VENDORPATH\composer\ClassLoader.php(576): include('D:\\XAMPP\\htdocs\\attendance_system\\app\\Libraries\\vendor\\google\\apiclient\\src\\Google\\Collection.php')
 2 VENDORPATH\composer\ClassLoader.php(427): Composer\Autoload\{closure}('D:\\XAMPP\\htdocs\\attendance_system\\app\\Libraries\\vendor\\composer/../google/apiclient/src\\Google\\Collection.php')
 3 [internal function]: Composer\Autoload\ClassLoader->loadClass('Google_Collection')
 4 APPPATH\Libraries\vendor\google\apiclient-services\autoload.php(21): class_alias('Google_Collection', 'Google\\Collection')
 5 APPPATH\Libraries\vendor\composer\autoload_real.php(41): require('D:\\XAMPP\\htdocs\\attendance_system\\app\\Libraries\\vendor\\google\\apiclient-services\\autoload.php')
 6 APPPATH\Libraries\vendor\composer\autoload_real.php(45): {closure}('1f87db08236948d07391152dccb70f04', 'D:\\XAMPP\\htdocs\\attendance_system\\app\\Libraries\\vendor\\composer/../google/apiclient-services/autoload.php')
 7 APPPATH\Libraries\vendor\autoload.php(25): ComposerAutoloaderInit770f7a45e3964107abb4198a4ba5b018::getLoader()
 8 APPPATH\Controllers\GoogleLogin.php(16): require_once('D:\\XAMPP\\htdocs\\attendance_system\\app\\Libraries\\vendor\\autoload.php')
 9 SYSTEMPATH\CodeIgniter.php(903): App\Controllers\GoogleLogin->__construct()
10 SYSTEMPATH\CodeIgniter.php(500): CodeIgniter\CodeIgniter->createController()
11 SYSTEMPATH\CodeIgniter.php(355): CodeIgniter\CodeIgniter->handleRequest(null, Object(Config\Cache), false)
12 SYSTEMPATH\Boot.php(325): CodeIgniter\CodeIgniter->run()
13 SYSTEMPATH\Boot.php(67): CodeIgniter\Boot::runCodeIgniter(Object(CodeIgniter\CodeIgniter))
14 FCPATH\index.php(56): CodeIgniter\Boot::bootWeb(Object(Config\Paths))
WARNING - 2025-01-16 10:40:18 --> [DEPRECATED] Return type of Google_Collection::count() should either be compatible with Countable::count(): int, or the #[\ReturnTypeWillChange] attribute should be used to temporarily suppress the notice in APPPATH\Libraries\vendor\google\apiclient\src\Google\Collection.php on line 51.
 1 VENDORPATH\composer\ClassLoader.php(576): include('D:\\XAMPP\\htdocs\\attendance_system\\app\\Libraries\\vendor\\google\\apiclient\\src\\Google\\Collection.php')
 2 VENDORPATH\composer\ClassLoader.php(427): Composer\Autoload\{closure}('D:\\XAMPP\\htdocs\\attendance_system\\app\\Libraries\\vendor\\composer/../google/apiclient/src\\Google\\Collection.php')
 3 [internal function]: Composer\Autoload\ClassLoader->loadClass('Google_Collection')
 4 APPPATH\Libraries\vendor\google\apiclient-services\autoload.php(21): class_alias('Google_Collection', 'Google\\Collection')
 5 APPPATH\Libraries\vendor\composer\autoload_real.php(41): require('D:\\XAMPP\\htdocs\\attendance_system\\app\\Libraries\\vendor\\google\\apiclient-services\\autoload.php')
 6 APPPATH\Libraries\vendor\composer\autoload_real.php(45): {closure}('1f87db08236948d07391152dccb70f04', 'D:\\XAMPP\\htdocs\\attendance_system\\app\\Libraries\\vendor\\composer/../google/apiclient-services/autoload.php')
 7 APPPATH\Libraries\vendor\autoload.php(25): ComposerAutoloaderInit770f7a45e3964107abb4198a4ba5b018::getLoader()
 8 APPPATH\Controllers\GoogleLogin.php(16): require_once('D:\\XAMPP\\htdocs\\attendance_system\\app\\Libraries\\vendor\\autoload.php')
 9 SYSTEMPATH\CodeIgniter.php(903): App\Controllers\GoogleLogin->__construct()
10 SYSTEMPATH\CodeIgniter.php(500): CodeIgniter\CodeIgniter->createController()
11 SYSTEMPATH\CodeIgniter.php(355): CodeIgniter\CodeIgniter->handleRequest(null, Object(Config\Cache), false)
12 SYSTEMPATH\Boot.php(325): CodeIgniter\CodeIgniter->run()
13 SYSTEMPATH\Boot.php(67): CodeIgniter\Boot::runCodeIgniter(Object(CodeIgniter\CodeIgniter))
14 FCPATH\index.php(56): CodeIgniter\Boot::bootWeb(Object(Config\Paths))
INFO - 2025-01-16 10:40:18 --> Session: Class initialized using 'CodeIgniter\Session\Handlers\FileHandler' driver.
WARNING - 2025-01-16 10:40:18 --> [DEPRECATED] Creation of dynamic property App\Controllers\GoogleLogin::$session is deprecated in APPPATH\Controllers\BaseController.php on line 59.
 1 SYSTEMPATH\CodeIgniter.php(904): App\Controllers\BaseController->initController(Object(CodeIgniter\HTTP\IncomingRequest), Object(CodeIgniter\HTTP\Response), Object(CodeIgniter\Log\Logger))
 2 SYSTEMPATH\CodeIgniter.php(500): CodeIgniter\CodeIgniter->createController()
 3 SYSTEMPATH\CodeIgniter.php(355): CodeIgniter\CodeIgniter->handleRequest(null, Object(Config\Cache), false)
 4 SYSTEMPATH\Boot.php(325): CodeIgniter\CodeIgniter->run()
 5 SYSTEMPATH\Boot.php(67): CodeIgniter\Boot::runCodeIgniter(Object(CodeIgniter\CodeIgniter))
 6 FCPATH\index.php(56): CodeIgniter\Boot::bootWeb(Object(Config\Paths))
WARNING - 2025-01-16 10:40:18 --> Session: Sessions is enabled, and one exists. Please don't $session->start();
WARNING - 2025-01-16 10:40:21 --> [DEPRECATED] Creation of dynamic property Google\Service\Oauth2::$serviceName is deprecated in APPPATH\Libraries\vendor\google\apiclient-services\src\Oauth2.php on line 67.
 1 APPPATH\Controllers\GoogleLogin.php(46): Google\Service\Oauth2->__construct(Object(Google_Client))
 2 SYSTEMPATH\CodeIgniter.php(933): App\Controllers\GoogleLogin->Callback()
 3 SYSTEMPATH\CodeIgniter.php(509): CodeIgniter\CodeIgniter->runController(Object(App\Controllers\GoogleLogin))
 4 SYSTEMPATH\CodeIgniter.php(355): CodeIgniter\CodeIgniter->handleRequest(null, Object(Config\Cache), false)
 5 SYSTEMPATH\Boot.php(325): CodeIgniter\CodeIgniter->run()
 6 SYSTEMPATH\Boot.php(67): CodeIgniter\Boot::runCodeIgniter(Object(CodeIgniter\CodeIgniter))
 7 FCPATH\index.php(56): CodeIgniter\Boot::bootWeb(Object(Config\Paths))
INFO - 2025-01-16 10:40:25 --> Session: Class initialized using 'CodeIgniter\Session\Handlers\FileHandler' driver.
INFO - 2025-01-16 10:40:40 --> Session: Class initialized using 'CodeIgniter\Session\Handlers\FileHandler' driver.
WARNING - 2025-01-16 10:40:40 --> [DEPRECATED] Creation of dynamic property App\Controllers\Auth::$session is deprecated in APPPATH\Controllers\BaseController.php on line 59.
 1 SYSTEMPATH\CodeIgniter.php(904): App\Controllers\BaseController->initController(Object(CodeIgniter\HTTP\IncomingRequest), Object(CodeIgniter\HTTP\Response), Object(CodeIgniter\Log\Logger))
 2 SYSTEMPATH\CodeIgniter.php(500): CodeIgniter\CodeIgniter->createController()
 3 SYSTEMPATH\CodeIgniter.php(355): CodeIgniter\CodeIgniter->handleRequest(null, Object(Config\Cache), false)
 4 SYSTEMPATH\Boot.php(325): CodeIgniter\CodeIgniter->run()
 5 SYSTEMPATH\Boot.php(67): CodeIgniter\Boot::runCodeIgniter(Object(CodeIgniter\CodeIgniter))
 6 FCPATH\index.php(56): CodeIgniter\Boot::bootWeb(Object(Config\Paths))
WARNING - 2025-01-16 10:40:40 --> Session: Sessions is enabled, and one exists. Please don't $session->start();
INFO - 2025-01-16 10:40:40 --> Session: Class initialized using 'CodeIgniter\Session\Handlers\FileHandler' driver.
WARNING - 2025-01-16 10:40:40 --> [DEPRECATED] Creation of dynamic property App\Controllers\Auth::$session is deprecated in APPPATH\Controllers\BaseController.php on line 59.
 1 SYSTEMPATH\CodeIgniter.php(904): App\Controllers\BaseController->initController(Object(CodeIgniter\HTTP\IncomingRequest), Object(CodeIgniter\HTTP\Response), Object(CodeIgniter\Log\Logger))
 2 SYSTEMPATH\CodeIgniter.php(500): CodeIgniter\CodeIgniter->createController()
 3 SYSTEMPATH\CodeIgniter.php(355): CodeIgniter\CodeIgniter->handleRequest(null, Object(Config\Cache), false)
 4 SYSTEMPATH\Boot.php(325): CodeIgniter\CodeIgniter->run()
 5 SYSTEMPATH\Boot.php(67): CodeIgniter\Boot::runCodeIgniter(Object(CodeIgniter\CodeIgniter))
 6 FCPATH\index.php(56): CodeIgniter\Boot::bootWeb(Object(Config\Paths))
WARNING - 2025-01-16 10:40:40 --> Session: Sessions is enabled, and one exists. Please don't $session->start();
WARNING - 2025-01-16 11:03:10 --> [DEPRECATED] Return type of Google_Model::offsetExists($offset) should either be compatible with ArrayAccess::offsetExists(mixed $offset): bool, or the #[\ReturnTypeWillChange] attribute should be used to temporarily suppress the notice in APPPATH\Libraries\vendor\google\apiclient\src\Google\Model.php on line 249.
 1 VENDORPATH\composer\ClassLoader.php(576): include('D:\\XAMPP\\htdocs\\attendance_system\\app\\Libraries\\vendor\\google\\apiclient\\src\\Google\\Model.php')
 2 VENDORPATH\composer\ClassLoader.php(427): Composer\Autoload\{closure}('D:\\XAMPP\\htdocs\\attendance_system\\app\\Libraries\\vendor\\composer/../google/apiclient/src\\Google\\Model.php')
 3 [internal function]: Composer\Autoload\ClassLoader->loadClass('Google_Model')
 4 APPPATH\Libraries\vendor\google\apiclient-services\autoload.php(21): class_alias('Google_Model', 'Google\\Model')
 5 APPPATH\Libraries\vendor\composer\autoload_real.php(41): require('D:\\XAMPP\\htdocs\\attendance_system\\app\\Libraries\\vendor\\google\\apiclient-services\\autoload.php')
 6 APPPATH\Libraries\vendor\composer\autoload_real.php(45): {closure}('1f87db08236948d07391152dccb70f04', 'D:\\XAMPP\\htdocs\\attendance_system\\app\\Libraries\\vendor\\composer/../google/apiclient-services/autoload.php')
 7 APPPATH\Libraries\vendor\autoload.php(25): ComposerAutoloaderInit770f7a45e3964107abb4198a4ba5b018::getLoader()
 8 APPPATH\Controllers\GoogleLogin.php(16): require_once('D:\\XAMPP\\htdocs\\attendance_system\\app\\Libraries\\vendor\\autoload.php')
 9 SYSTEMPATH\CodeIgniter.php(903): App\Controllers\GoogleLogin->__construct()
10 SYSTEMPATH\CodeIgniter.php(500): CodeIgniter\CodeIgniter->createController()
11 SYSTEMPATH\CodeIgniter.php(355): CodeIgniter\CodeIgniter->handleRequest(null, Object(Config\Cache), false)
12 SYSTEMPATH\Boot.php(325): CodeIgniter\CodeIgniter->run()
13 SYSTEMPATH\Boot.php(67): CodeIgniter\Boot::runCodeIgniter(Object(CodeIgniter\CodeIgniter))
14 FCPATH\index.php(56): CodeIgniter\Boot::bootWeb(Object(Config\Paths))
WARNING - 2025-01-16 11:03:10 --> [DEPRECATED] Return type of Google_Model::offsetGet($offset) should either be compatible with ArrayAccess::offsetGet(mixed $offset): mixed, or the #[\ReturnTypeWillChange] attribute should be used to temporarily suppress the notice in APPPATH\Libraries\vendor\google\apiclient\src\Google\Model.php on line 254.
 1 VENDORPATH\composer\ClassLoader.php(576): include('D:\\XAMPP\\htdocs\\attendance_system\\app\\Libraries\\vendor\\google\\apiclient\\src\\Google\\Model.php')
 2 VENDORPATH\composer\ClassLoader.php(427): Composer\Autoload\{closure}('D:\\XAMPP\\htdocs\\attendance_system\\app\\Libraries\\vendor\\composer/../google/apiclient/src\\Google\\Model.php')
 3 [internal function]: Composer\Autoload\ClassLoader->loadClass('Google_Model')
 4 APPPATH\Libraries\vendor\google\apiclient-services\autoload.php(21): class_alias('Google_Model', 'Google\\Model')
 5 APPPATH\Libraries\vendor\composer\autoload_real.php(41): require('D:\\XAMPP\\htdocs\\attendance_system\\app\\Libraries\\vendor\\google\\apiclient-services\\autoload.php')
 6 APPPATH\Libraries\vendor\composer\autoload_real.php(45): {closure}('1f87db08236948d07391152dccb70f04', 'D:\\XAMPP\\htdocs\\attendance_system\\app\\Libraries\\vendor\\composer/../google/apiclient-services/autoload.php')
 7 APPPATH\Libraries\vendor\autoload.php(25): ComposerAutoloaderInit770f7a45e3964107abb4198a4ba5b018::getLoader()
 8 APPPATH\Controllers\GoogleLogin.php(16): require_once('D:\\XAMPP\\htdocs\\attendance_system\\app\\Libraries\\vendor\\autoload.php')
 9 SYSTEMPATH\CodeIgniter.php(903): App\Controllers\GoogleLogin->__construct()
10 SYSTEMPATH\CodeIgniter.php(500): CodeIgniter\CodeIgniter->createController()
11 SYSTEMPATH\CodeIgniter.php(355): CodeIgniter\CodeIgniter->handleRequest(null, Object(Config\Cache), false)
12 SYSTEMPATH\Boot.php(325): CodeIgniter\CodeIgniter->run()
13 SYSTEMPATH\Boot.php(67): CodeIgniter\Boot::runCodeIgniter(Object(CodeIgniter\CodeIgniter))
14 FCPATH\index.php(56): CodeIgniter\Boot::bootWeb(Object(Config\Paths))
WARNING - 2025-01-16 11:03:10 --> [DEPRECATED] Return type of Google_Model::offsetSet($offset, $value) should either be compatible with ArrayAccess::offsetSet(mixed $offset, mixed $value): void, or the #[\ReturnTypeWillChange] attribute should be used to temporarily suppress the notice in APPPATH\Libraries\vendor\google\apiclient\src\Google\Model.php on line 261.
 1 VENDORPATH\composer\ClassLoader.php(576): include('D:\\XAMPP\\htdocs\\attendance_system\\app\\Libraries\\vendor\\google\\apiclient\\src\\Google\\Model.php')
 2 VENDORPATH\composer\ClassLoader.php(427): Composer\Autoload\{closure}('D:\\XAMPP\\htdocs\\attendance_system\\app\\Libraries\\vendor\\composer/../google/apiclient/src\\Google\\Model.php')
 3 [internal function]: Composer\Autoload\ClassLoader->loadClass('Google_Model')
 4 APPPATH\Libraries\vendor\google\apiclient-services\autoload.php(21): class_alias('Google_Model', 'Google\\Model')
 5 APPPATH\Libraries\vendor\composer\autoload_real.php(41): require('D:\\XAMPP\\htdocs\\attendance_system\\app\\Libraries\\vendor\\google\\apiclient-services\\autoload.php')
 6 APPPATH\Libraries\vendor\composer\autoload_real.php(45): {closure}('1f87db08236948d07391152dccb70f04', 'D:\\XAMPP\\htdocs\\attendance_system\\app\\Libraries\\vendor\\composer/../google/apiclient-services/autoload.php')
 7 APPPATH\Libraries\vendor\autoload.php(25): ComposerAutoloaderInit770f7a45e3964107abb4198a4ba5b018::getLoader()
 8 APPPATH\Controllers\GoogleLogin.php(16): require_once('D:\\XAMPP\\htdocs\\attendance_system\\app\\Libraries\\vendor\\autoload.php')
 9 SYSTEMPATH\CodeIgniter.php(903): App\Controllers\GoogleLogin->__construct()
10 SYSTEMPATH\CodeIgniter.php(500): CodeIgniter\CodeIgniter->createController()
11 SYSTEMPATH\CodeIgniter.php(355): CodeIgniter\CodeIgniter->handleRequest(null, Object(Config\Cache), false)
12 SYSTEMPATH\Boot.php(325): CodeIgniter\CodeIgniter->run()
13 SYSTEMPATH\Boot.php(67): CodeIgniter\Boot::runCodeIgniter(Object(CodeIgniter\CodeIgniter))
14 FCPATH\index.php(56): CodeIgniter\Boot::bootWeb(Object(Config\Paths))
WARNING - 2025-01-16 11:03:10 --> [DEPRECATED] Return type of Google_Model::offsetUnset($offset) should either be compatible with ArrayAccess::offsetUnset(mixed $offset): void, or the #[\ReturnTypeWillChange] attribute should be used to temporarily suppress the notice in APPPATH\Libraries\vendor\google\apiclient\src\Google\Model.php on line 271.
 1 VENDORPATH\composer\ClassLoader.php(576): include('D:\\XAMPP\\htdocs\\attendance_system\\app\\Libraries\\vendor\\google\\apiclient\\src\\Google\\Model.php')
 2 VENDORPATH\composer\ClassLoader.php(427): Composer\Autoload\{closure}('D:\\XAMPP\\htdocs\\attendance_system\\app\\Libraries\\vendor\\composer/../google/apiclient/src\\Google\\Model.php')
 3 [internal function]: Composer\Autoload\ClassLoader->loadClass('Google_Model')
 4 APPPATH\Libraries\vendor\google\apiclient-services\autoload.php(21): class_alias('Google_Model', 'Google\\Model')
 5 APPPATH\Libraries\vendor\composer\autoload_real.php(41): require('D:\\XAMPP\\htdocs\\attendance_system\\app\\Libraries\\vendor\\google\\apiclient-services\\autoload.php')
 6 APPPATH\Libraries\vendor\composer\autoload_real.php(45): {closure}('1f87db08236948d07391152dccb70f04', 'D:\\XAMPP\\htdocs\\attendance_system\\app\\Libraries\\vendor\\composer/../google/apiclient-services/autoload.php')
 7 APPPATH\Libraries\vendor\autoload.php(25): ComposerAutoloaderInit770f7a45e3964107abb4198a4ba5b018::getLoader()
 8 APPPATH\Controllers\GoogleLogin.php(16): require_once('D:\\XAMPP\\htdocs\\attendance_system\\app\\Libraries\\vendor\\autoload.php')
 9 SYSTEMPATH\CodeIgniter.php(903): App\Controllers\GoogleLogin->__construct()
10 SYSTEMPATH\CodeIgniter.php(500): CodeIgniter\CodeIgniter->createController()
11 SYSTEMPATH\CodeIgniter.php(355): CodeIgniter\CodeIgniter->handleRequest(null, Object(Config\Cache), false)
12 SYSTEMPATH\Boot.php(325): CodeIgniter\CodeIgniter->run()
13 SYSTEMPATH\Boot.php(67): CodeIgniter\Boot::runCodeIgniter(Object(CodeIgniter\CodeIgniter))
14 FCPATH\index.php(56): CodeIgniter\Boot::bootWeb(Object(Config\Paths))
WARNING - 2025-01-16 11:03:10 --> [DEPRECATED] Return type of Google_Collection::current() should either be compatible with Iterator::current(): mixed, or the #[\ReturnTypeWillChange] attribute should be used to temporarily suppress the notice in APPPATH\Libraries\vendor\google\apiclient\src\Google\Collection.php on line 24.
 1 VENDORPATH\composer\ClassLoader.php(576): include('D:\\XAMPP\\htdocs\\attendance_system\\app\\Libraries\\vendor\\google\\apiclient\\src\\Google\\Collection.php')
 2 VENDORPATH\composer\ClassLoader.php(427): Composer\Autoload\{closure}('D:\\XAMPP\\htdocs\\attendance_system\\app\\Libraries\\vendor\\composer/../google/apiclient/src\\Google\\Collection.php')
 3 [internal function]: Composer\Autoload\ClassLoader->loadClass('Google_Collection')
 4 APPPATH\Libraries\vendor\google\apiclient-services\autoload.php(21): class_alias('Google_Collection', 'Google\\Collection')
 5 APPPATH\Libraries\vendor\composer\autoload_real.php(41): require('D:\\XAMPP\\htdocs\\attendance_system\\app\\Libraries\\vendor\\google\\apiclient-services\\autoload.php')
 6 APPPATH\Libraries\vendor\composer\autoload_real.php(45): {closure}('1f87db08236948d07391152dccb70f04', 'D:\\XAMPP\\htdocs\\attendance_system\\app\\Libraries\\vendor\\composer/../google/apiclient-services/autoload.php')
 7 APPPATH\Libraries\vendor\autoload.php(25): ComposerAutoloaderInit770f7a45e3964107abb4198a4ba5b018::getLoader()
 8 APPPATH\Controllers\GoogleLogin.php(16): require_once('D:\\XAMPP\\htdocs\\attendance_system\\app\\Libraries\\vendor\\autoload.php')
 9 SYSTEMPATH\CodeIgniter.php(903): App\Controllers\GoogleLogin->__construct()
10 SYSTEMPATH\CodeIgniter.php(500): CodeIgniter\CodeIgniter->createController()
11 SYSTEMPATH\CodeIgniter.php(355): CodeIgniter\CodeIgniter->handleRequest(null, Object(Config\Cache), false)
12 SYSTEMPATH\Boot.php(325): CodeIgniter\CodeIgniter->run()
13 SYSTEMPATH\Boot.php(67): CodeIgniter\Boot::runCodeIgniter(Object(CodeIgniter\CodeIgniter))
14 FCPATH\index.php(56): CodeIgniter\Boot::bootWeb(Object(Config\Paths))
WARNING - 2025-01-16 11:03:10 --> [DEPRECATED] Return type of Google_Collection::next() should either be compatible with Iterator::next(): void, or the #[\ReturnTypeWillChange] attribute should be used to temporarily suppress the notice in APPPATH\Libraries\vendor\google\apiclient\src\Google\Collection.php on line 40.
 1 VENDORPATH\composer\ClassLoader.php(576): include('D:\\XAMPP\\htdocs\\attendance_system\\app\\Libraries\\vendor\\google\\apiclient\\src\\Google\\Collection.php')
 2 VENDORPATH\composer\ClassLoader.php(427): Composer\Autoload\{closure}('D:\\XAMPP\\htdocs\\attendance_system\\app\\Libraries\\vendor\\composer/../google/apiclient/src\\Google\\Collection.php')
 3 [internal function]: Composer\Autoload\ClassLoader->loadClass('Google_Collection')
 4 APPPATH\Libraries\vendor\google\apiclient-services\autoload.php(21): class_alias('Google_Collection', 'Google\\Collection')
 5 APPPATH\Libraries\vendor\composer\autoload_real.php(41): require('D:\\XAMPP\\htdocs\\attendance_system\\app\\Libraries\\vendor\\google\\apiclient-services\\autoload.php')
 6 APPPATH\Libraries\vendor\composer\autoload_real.php(45): {closure}('1f87db08236948d07391152dccb70f04', 'D:\\XAMPP\\htdocs\\attendance_system\\app\\Libraries\\vendor\\composer/../google/apiclient-services/autoload.php')
 7 APPPATH\Libraries\vendor\autoload.php(25): ComposerAutoloaderInit770f7a45e3964107abb4198a4ba5b018::getLoader()
 8 APPPATH\Controllers\GoogleLogin.php(16): require_once('D:\\XAMPP\\htdocs\\attendance_system\\app\\Libraries\\vendor\\autoload.php')
 9 SYSTEMPATH\CodeIgniter.php(903): App\Controllers\GoogleLogin->__construct()
10 SYSTEMPATH\CodeIgniter.php(500): CodeIgniter\CodeIgniter->createController()
11 SYSTEMPATH\CodeIgniter.php(355): CodeIgniter\CodeIgniter->handleRequest(null, Object(Config\Cache), false)
12 SYSTEMPATH\Boot.php(325): CodeIgniter\CodeIgniter->run()
13 SYSTEMPATH\Boot.php(67): CodeIgniter\Boot::runCodeIgniter(Object(CodeIgniter\CodeIgniter))
14 FCPATH\index.php(56): CodeIgniter\Boot::bootWeb(Object(Config\Paths))
WARNING - 2025-01-16 11:03:10 --> [DEPRECATED] Return type of Google_Collection::key() should either be compatible with Iterator::key(): mixed, or the #[\ReturnTypeWillChange] attribute should be used to temporarily suppress the notice in APPPATH\Libraries\vendor\google\apiclient\src\Google\Collection.php on line 32.
 1 VENDORPATH\composer\ClassLoader.php(576): include('D:\\XAMPP\\htdocs\\attendance_system\\app\\Libraries\\vendor\\google\\apiclient\\src\\Google\\Collection.php')
 2 VENDORPATH\composer\ClassLoader.php(427): Composer\Autoload\{closure}('D:\\XAMPP\\htdocs\\attendance_system\\app\\Libraries\\vendor\\composer/../google/apiclient/src\\Google\\Collection.php')
 3 [internal function]: Composer\Autoload\ClassLoader->loadClass('Google_Collection')
 4 APPPATH\Libraries\vendor\google\apiclient-services\autoload.php(21): class_alias('Google_Collection', 'Google\\Collection')
 5 APPPATH\Libraries\vendor\composer\autoload_real.php(41): require('D:\\XAMPP\\htdocs\\attendance_system\\app\\Libraries\\vendor\\google\\apiclient-services\\autoload.php')
 6 APPPATH\Libraries\vendor\composer\autoload_real.php(45): {closure}('1f87db08236948d07391152dccb70f04', 'D:\\XAMPP\\htdocs\\attendance_system\\app\\Libraries\\vendor\\composer/../google/apiclient-services/autoload.php')
 7 APPPATH\Libraries\vendor\autoload.php(25): ComposerAutoloaderInit770f7a45e3964107abb4198a4ba5b018::getLoader()
 8 APPPATH\Controllers\GoogleLogin.php(16): require_once('D:\\XAMPP\\htdocs\\attendance_system\\app\\Libraries\\vendor\\autoload.php')
 9 SYSTEMPATH\CodeIgniter.php(903): App\Controllers\GoogleLogin->__construct()
10 SYSTEMPATH\CodeIgniter.php(500): CodeIgniter\CodeIgniter->createController()
11 SYSTEMPATH\CodeIgniter.php(355): CodeIgniter\CodeIgniter->handleRequest(null, Object(Config\Cache), false)
12 SYSTEMPATH\Boot.php(325): CodeIgniter\CodeIgniter->run()
13 SYSTEMPATH\Boot.php(67): CodeIgniter\Boot::runCodeIgniter(Object(CodeIgniter\CodeIgniter))
14 FCPATH\index.php(56): CodeIgniter\Boot::bootWeb(Object(Config\Paths))
WARNING - 2025-01-16 11:03:10 --> [DEPRECATED] Return type of Google_Collection::valid() should either be compatible with Iterator::valid(): bool, or the #[\ReturnTypeWillChange] attribute should be used to temporarily suppress the notice in APPPATH\Libraries\vendor\google\apiclient\src\Google\Collection.php on line 45.
 1 VENDORPATH\composer\ClassLoader.php(576): include('D:\\XAMPP\\htdocs\\attendance_system\\app\\Libraries\\vendor\\google\\apiclient\\src\\Google\\Collection.php')
 2 VENDORPATH\composer\ClassLoader.php(427): Composer\Autoload\{closure}('D:\\XAMPP\\htdocs\\attendance_system\\app\\Libraries\\vendor\\composer/../google/apiclient/src\\Google\\Collection.php')
 3 [internal function]: Composer\Autoload\ClassLoader->loadClass('Google_Collection')
 4 APPPATH\Libraries\vendor\google\apiclient-services\autoload.php(21): class_alias('Google_Collection', 'Google\\Collection')
 5 APPPATH\Libraries\vendor\composer\autoload_real.php(41): require('D:\\XAMPP\\htdocs\\attendance_system\\app\\Libraries\\vendor\\google\\apiclient-services\\autoload.php')
 6 APPPATH\Libraries\vendor\composer\autoload_real.php(45): {closure}('1f87db08236948d07391152dccb70f04', 'D:\\XAMPP\\htdocs\\attendance_system\\app\\Libraries\\vendor\\composer/../google/apiclient-services/autoload.php')
 7 APPPATH\Libraries\vendor\autoload.php(25): ComposerAutoloaderInit770f7a45e3964107abb4198a4ba5b018::getLoader()
 8 APPPATH\Controllers\GoogleLogin.php(16): require_once('D:\\XAMPP\\htdocs\\attendance_system\\app\\Libraries\\vendor\\autoload.php')
 9 SYSTEMPATH\CodeIgniter.php(903): App\Controllers\GoogleLogin->__construct()
10 SYSTEMPATH\CodeIgniter.php(500): CodeIgniter\CodeIgniter->createController()
11 SYSTEMPATH\CodeIgniter.php(355): CodeIgniter\CodeIgniter->handleRequest(null, Object(Config\Cache), false)
12 SYSTEMPATH\Boot.php(325): CodeIgniter\CodeIgniter->run()
13 SYSTEMPATH\Boot.php(67): CodeIgniter\Boot::runCodeIgniter(Object(CodeIgniter\CodeIgniter))
14 FCPATH\index.php(56): CodeIgniter\Boot::bootWeb(Object(Config\Paths))
WARNING - 2025-01-16 11:03:10 --> [DEPRECATED] Return type of Google_Collection::rewind() should either be compatible with Iterator::rewind(): void, or the #[\ReturnTypeWillChange] attribute should be used to temporarily suppress the notice in APPPATH\Libraries\vendor\google\apiclient\src\Google\Collection.php on line 16.
 1 VENDORPATH\composer\ClassLoader.php(576): include('D:\\XAMPP\\htdocs\\attendance_system\\app\\Libraries\\vendor\\google\\apiclient\\src\\Google\\Collection.php')
 2 VENDORPATH\composer\ClassLoader.php(427): Composer\Autoload\{closure}('D:\\XAMPP\\htdocs\\attendance_system\\app\\Libraries\\vendor\\composer/../google/apiclient/src\\Google\\Collection.php')
 3 [internal function]: Composer\Autoload\ClassLoader->loadClass('Google_Collection')
 4 APPPATH\Libraries\vendor\google\apiclient-services\autoload.php(21): class_alias('Google_Collection', 'Google\\Collection')
 5 APPPATH\Libraries\vendor\composer\autoload_real.php(41): require('D:\\XAMPP\\htdocs\\attendance_system\\app\\Libraries\\vendor\\google\\apiclient-services\\autoload.php')
 6 APPPATH\Libraries\vendor\composer\autoload_real.php(45): {closure}('1f87db08236948d07391152dccb70f04', 'D:\\XAMPP\\htdocs\\attendance_system\\app\\Libraries\\vendor\\composer/../google/apiclient-services/autoload.php')
 7 APPPATH\Libraries\vendor\autoload.php(25): ComposerAutoloaderInit770f7a45e3964107abb4198a4ba5b018::getLoader()
 8 APPPATH\Controllers\GoogleLogin.php(16): require_once('D:\\XAMPP\\htdocs\\attendance_system\\app\\Libraries\\vendor\\autoload.php')
 9 SYSTEMPATH\CodeIgniter.php(903): App\Controllers\GoogleLogin->__construct()
10 SYSTEMPATH\CodeIgniter.php(500): CodeIgniter\CodeIgniter->createController()
11 SYSTEMPATH\CodeIgniter.php(355): CodeIgniter\CodeIgniter->handleRequest(null, Object(Config\Cache), false)
12 SYSTEMPATH\Boot.php(325): CodeIgniter\CodeIgniter->run()
13 SYSTEMPATH\Boot.php(67): CodeIgniter\Boot::runCodeIgniter(Object(CodeIgniter\CodeIgniter))
14 FCPATH\index.php(56): CodeIgniter\Boot::bootWeb(Object(Config\Paths))
WARNING - 2025-01-16 11:03:10 --> [DEPRECATED] Return type of Google_Collection::count() should either be compatible with Countable::count(): int, or the #[\ReturnTypeWillChange] attribute should be used to temporarily suppress the notice in APPPATH\Libraries\vendor\google\apiclient\src\Google\Collection.php on line 51.
 1 VENDORPATH\composer\ClassLoader.php(576): include('D:\\XAMPP\\htdocs\\attendance_system\\app\\Libraries\\vendor\\google\\apiclient\\src\\Google\\Collection.php')
 2 VENDORPATH\composer\ClassLoader.php(427): Composer\Autoload\{closure}('D:\\XAMPP\\htdocs\\attendance_system\\app\\Libraries\\vendor\\composer/../google/apiclient/src\\Google\\Collection.php')
 3 [internal function]: Composer\Autoload\ClassLoader->loadClass('Google_Collection')
 4 APPPATH\Libraries\vendor\google\apiclient-services\autoload.php(21): class_alias('Google_Collection', 'Google\\Collection')
 5 APPPATH\Libraries\vendor\composer\autoload_real.php(41): require('D:\\XAMPP\\htdocs\\attendance_system\\app\\Libraries\\vendor\\google\\apiclient-services\\autoload.php')
 6 APPPATH\Libraries\vendor\composer\autoload_real.php(45): {closure}('1f87db08236948d07391152dccb70f04', 'D:\\XAMPP\\htdocs\\attendance_system\\app\\Libraries\\vendor\\composer/../google/apiclient-services/autoload.php')
 7 APPPATH\Libraries\vendor\autoload.php(25): ComposerAutoloaderInit770f7a45e3964107abb4198a4ba5b018::getLoader()
 8 APPPATH\Controllers\GoogleLogin.php(16): require_once('D:\\XAMPP\\htdocs\\attendance_system\\app\\Libraries\\vendor\\autoload.php')
 9 SYSTEMPATH\CodeIgniter.php(903): App\Controllers\GoogleLogin->__construct()
10 SYSTEMPATH\CodeIgniter.php(500): CodeIgniter\CodeIgniter->createController()
11 SYSTEMPATH\CodeIgniter.php(355): CodeIgniter\CodeIgniter->handleRequest(null, Object(Config\Cache), false)
12 SYSTEMPATH\Boot.php(325): CodeIgniter\CodeIgniter->run()
13 SYSTEMPATH\Boot.php(67): CodeIgniter\Boot::runCodeIgniter(Object(CodeIgniter\CodeIgniter))
14 FCPATH\index.php(56): CodeIgniter\Boot::bootWeb(Object(Config\Paths))
INFO - 2025-01-16 11:03:10 --> Session: Class initialized using 'CodeIgniter\Session\Handlers\FileHandler' driver.
WARNING - 2025-01-16 11:03:10 --> [DEPRECATED] Creation of dynamic property App\Controllers\GoogleLogin::$session is deprecated in APPPATH\Controllers\BaseController.php on line 59.
 1 SYSTEMPATH\CodeIgniter.php(904): App\Controllers\BaseController->initController(Object(CodeIgniter\HTTP\IncomingRequest), Object(CodeIgniter\HTTP\Response), Object(CodeIgniter\Log\Logger))
 2 SYSTEMPATH\CodeIgniter.php(500): CodeIgniter\CodeIgniter->createController()
 3 SYSTEMPATH\CodeIgniter.php(355): CodeIgniter\CodeIgniter->handleRequest(null, Object(Config\Cache), false)
 4 SYSTEMPATH\Boot.php(325): CodeIgniter\CodeIgniter->run()
 5 SYSTEMPATH\Boot.php(67): CodeIgniter\Boot::runCodeIgniter(Object(CodeIgniter\CodeIgniter))
 6 FCPATH\index.php(56): CodeIgniter\Boot::bootWeb(Object(Config\Paths))
WARNING - 2025-01-16 11:03:10 --> Session: Sessions is enabled, and one exists. Please don't $session->start();
WARNING - 2025-01-16 11:03:11 --> [DEPRECATED] Return type of Google_Model::offsetExists($offset) should either be compatible with ArrayAccess::offsetExists(mixed $offset): bool, or the #[\ReturnTypeWillChange] attribute should be used to temporarily suppress the notice in APPPATH\Libraries\vendor\google\apiclient\src\Google\Model.php on line 249.
 1 VENDORPATH\composer\ClassLoader.php(576): include('D:\\XAMPP\\htdocs\\attendance_system\\app\\Libraries\\vendor\\google\\apiclient\\src\\Google\\Model.php')
 2 VENDORPATH\composer\ClassLoader.php(427): Composer\Autoload\{closure}('D:\\XAMPP\\htdocs\\attendance_system\\app\\Libraries\\vendor\\composer/../google/apiclient/src\\Google\\Model.php')
 3 [internal function]: Composer\Autoload\ClassLoader->loadClass('Google_Model')
 4 APPPATH\Libraries\vendor\google\apiclient-services\autoload.php(21): class_alias('Google_Model', 'Google\\Model')
 5 APPPATH\Libraries\vendor\composer\autoload_real.php(41): require('D:\\XAMPP\\htdocs\\attendance_system\\app\\Libraries\\vendor\\google\\apiclient-services\\autoload.php')
 6 APPPATH\Libraries\vendor\composer\autoload_real.php(45): {closure}('1f87db08236948d07391152dccb70f04', 'D:\\XAMPP\\htdocs\\attendance_system\\app\\Libraries\\vendor\\composer/../google/apiclient-services/autoload.php')
 7 APPPATH\Libraries\vendor\autoload.php(25): ComposerAutoloaderInit770f7a45e3964107abb4198a4ba5b018::getLoader()
 8 APPPATH\Controllers\GoogleLogin.php(16): require_once('D:\\XAMPP\\htdocs\\attendance_system\\app\\Libraries\\vendor\\autoload.php')
 9 SYSTEMPATH\CodeIgniter.php(903): App\Controllers\GoogleLogin->__construct()
10 SYSTEMPATH\CodeIgniter.php(500): CodeIgniter\CodeIgniter->createController()
11 SYSTEMPATH\CodeIgniter.php(355): CodeIgniter\CodeIgniter->handleRequest(null, Object(Config\Cache), false)
12 SYSTEMPATH\Boot.php(325): CodeIgniter\CodeIgniter->run()
13 SYSTEMPATH\Boot.php(67): CodeIgniter\Boot::runCodeIgniter(Object(CodeIgniter\CodeIgniter))
14 FCPATH\index.php(56): CodeIgniter\Boot::bootWeb(Object(Config\Paths))
WARNING - 2025-01-16 11:03:11 --> [DEPRECATED] Return type of Google_Model::offsetGet($offset) should either be compatible with ArrayAccess::offsetGet(mixed $offset): mixed, or the #[\ReturnTypeWillChange] attribute should be used to temporarily suppress the notice in APPPATH\Libraries\vendor\google\apiclient\src\Google\Model.php on line 254.
 1 VENDORPATH\composer\ClassLoader.php(576): include('D:\\XAMPP\\htdocs\\attendance_system\\app\\Libraries\\vendor\\google\\apiclient\\src\\Google\\Model.php')
 2 VENDORPATH\composer\ClassLoader.php(427): Composer\Autoload\{closure}('D:\\XAMPP\\htdocs\\attendance_system\\app\\Libraries\\vendor\\composer/../google/apiclient/src\\Google\\Model.php')
 3 [internal function]: Composer\Autoload\ClassLoader->loadClass('Google_Model')
 4 APPPATH\Libraries\vendor\google\apiclient-services\autoload.php(21): class_alias('Google_Model', 'Google\\Model')
 5 APPPATH\Libraries\vendor\composer\autoload_real.php(41): require('D:\\XAMPP\\htdocs\\attendance_system\\app\\Libraries\\vendor\\google\\apiclient-services\\autoload.php')
 6 APPPATH\Libraries\vendor\composer\autoload_real.php(45): {closure}('1f87db08236948d07391152dccb70f04', 'D:\\XAMPP\\htdocs\\attendance_system\\app\\Libraries\\vendor\\composer/../google/apiclient-services/autoload.php')
 7 APPPATH\Libraries\vendor\autoload.php(25): ComposerAutoloaderInit770f7a45e3964107abb4198a4ba5b018::getLoader()
 8 APPPATH\Controllers\GoogleLogin.php(16): require_once('D:\\XAMPP\\htdocs\\attendance_system\\app\\Libraries\\vendor\\autoload.php')
 9 SYSTEMPATH\CodeIgniter.php(903): App\Controllers\GoogleLogin->__construct()
10 SYSTEMPATH\CodeIgniter.php(500): CodeIgniter\CodeIgniter->createController()
11 SYSTEMPATH\CodeIgniter.php(355): CodeIgniter\CodeIgniter->handleRequest(null, Object(Config\Cache), false)
12 SYSTEMPATH\Boot.php(325): CodeIgniter\CodeIgniter->run()
13 SYSTEMPATH\Boot.php(67): CodeIgniter\Boot::runCodeIgniter(Object(CodeIgniter\CodeIgniter))
14 FCPATH\index.php(56): CodeIgniter\Boot::bootWeb(Object(Config\Paths))
WARNING - 2025-01-16 11:03:11 --> [DEPRECATED] Return type of Google_Model::offsetSet($offset, $value) should either be compatible with ArrayAccess::offsetSet(mixed $offset, mixed $value): void, or the #[\ReturnTypeWillChange] attribute should be used to temporarily suppress the notice in APPPATH\Libraries\vendor\google\apiclient\src\Google\Model.php on line 261.
 1 VENDORPATH\composer\ClassLoader.php(576): include('D:\\XAMPP\\htdocs\\attendance_system\\app\\Libraries\\vendor\\google\\apiclient\\src\\Google\\Model.php')
 2 VENDORPATH\composer\ClassLoader.php(427): Composer\Autoload\{closure}('D:\\XAMPP\\htdocs\\attendance_system\\app\\Libraries\\vendor\\composer/../google/apiclient/src\\Google\\Model.php')
 3 [internal function]: Composer\Autoload\ClassLoader->loadClass('Google_Model')
 4 APPPATH\Libraries\vendor\google\apiclient-services\autoload.php(21): class_alias('Google_Model', 'Google\\Model')
 5 APPPATH\Libraries\vendor\composer\autoload_real.php(41): require('D:\\XAMPP\\htdocs\\attendance_system\\app\\Libraries\\vendor\\google\\apiclient-services\\autoload.php')
 6 APPPATH\Libraries\vendor\composer\autoload_real.php(45): {closure}('1f87db08236948d07391152dccb70f04', 'D:\\XAMPP\\htdocs\\attendance_system\\app\\Libraries\\vendor\\composer/../google/apiclient-services/autoload.php')
 7 APPPATH\Libraries\vendor\autoload.php(25): ComposerAutoloaderInit770f7a45e3964107abb4198a4ba5b018::getLoader()
 8 APPPATH\Controllers\GoogleLogin.php(16): require_once('D:\\XAMPP\\htdocs\\attendance_system\\app\\Libraries\\vendor\\autoload.php')
 9 SYSTEMPATH\CodeIgniter.php(903): App\Controllers\GoogleLogin->__construct()
10 SYSTEMPATH\CodeIgniter.php(500): CodeIgniter\CodeIgniter->createController()
11 SYSTEMPATH\CodeIgniter.php(355): CodeIgniter\CodeIgniter->handleRequest(null, Object(Config\Cache), false)
12 SYSTEMPATH\Boot.php(325): CodeIgniter\CodeIgniter->run()
13 SYSTEMPATH\Boot.php(67): CodeIgniter\Boot::runCodeIgniter(Object(CodeIgniter\CodeIgniter))
14 FCPATH\index.php(56): CodeIgniter\Boot::bootWeb(Object(Config\Paths))
WARNING - 2025-01-16 11:03:11 --> [DEPRECATED] Return type of Google_Model::offsetUnset($offset) should either be compatible with ArrayAccess::offsetUnset(mixed $offset): void, or the #[\ReturnTypeWillChange] attribute should be used to temporarily suppress the notice in APPPATH\Libraries\vendor\google\apiclient\src\Google\Model.php on line 271.
 1 VENDORPATH\composer\ClassLoader.php(576): include('D:\\XAMPP\\htdocs\\attendance_system\\app\\Libraries\\vendor\\google\\apiclient\\src\\Google\\Model.php')
 2 VENDORPATH\composer\ClassLoader.php(427): Composer\Autoload\{closure}('D:\\XAMPP\\htdocs\\attendance_system\\app\\Libraries\\vendor\\composer/../google/apiclient/src\\Google\\Model.php')
 3 [internal function]: Composer\Autoload\ClassLoader->loadClass('Google_Model')
 4 APPPATH\Libraries\vendor\google\apiclient-services\autoload.php(21): class_alias('Google_Model', 'Google\\Model')
 5 APPPATH\Libraries\vendor\composer\autoload_real.php(41): require('D:\\XAMPP\\htdocs\\attendance_system\\app\\Libraries\\vendor\\google\\apiclient-services\\autoload.php')
 6 APPPATH\Libraries\vendor\composer\autoload_real.php(45): {closure}('1f87db08236948d07391152dccb70f04', 'D:\\XAMPP\\htdocs\\attendance_system\\app\\Libraries\\vendor\\composer/../google/apiclient-services/autoload.php')
 7 APPPATH\Libraries\vendor\autoload.php(25): ComposerAutoloaderInit770f7a45e3964107abb4198a4ba5b018::getLoader()
 8 APPPATH\Controllers\GoogleLogin.php(16): require_once('D:\\XAMPP\\htdocs\\attendance_system\\app\\Libraries\\vendor\\autoload.php')
 9 SYSTEMPATH\CodeIgniter.php(903): App\Controllers\GoogleLogin->__construct()
10 SYSTEMPATH\CodeIgniter.php(500): CodeIgniter\CodeIgniter->createController()
11 SYSTEMPATH\CodeIgniter.php(355): CodeIgniter\CodeIgniter->handleRequest(null, Object(Config\Cache), false)
12 SYSTEMPATH\Boot.php(325): CodeIgniter\CodeIgniter->run()
13 SYSTEMPATH\Boot.php(67): CodeIgniter\Boot::runCodeIgniter(Object(CodeIgniter\CodeIgniter))
14 FCPATH\index.php(56): CodeIgniter\Boot::bootWeb(Object(Config\Paths))
WARNING - 2025-01-16 11:03:11 --> [DEPRECATED] Return type of Google_Collection::current() should either be compatible with Iterator::current(): mixed, or the #[\ReturnTypeWillChange] attribute should be used to temporarily suppress the notice in APPPATH\Libraries\vendor\google\apiclient\src\Google\Collection.php on line 24.
 1 VENDORPATH\composer\ClassLoader.php(576): include('D:\\XAMPP\\htdocs\\attendance_system\\app\\Libraries\\vendor\\google\\apiclient\\src\\Google\\Collection.php')
 2 VENDORPATH\composer\ClassLoader.php(427): Composer\Autoload\{closure}('D:\\XAMPP\\htdocs\\attendance_system\\app\\Libraries\\vendor\\composer/../google/apiclient/src\\Google\\Collection.php')
 3 [internal function]: Composer\Autoload\ClassLoader->loadClass('Google_Collection')
 4 APPPATH\Libraries\vendor\google\apiclient-services\autoload.php(21): class_alias('Google_Collection', 'Google\\Collection')
 5 APPPATH\Libraries\vendor\composer\autoload_real.php(41): require('D:\\XAMPP\\htdocs\\attendance_system\\app\\Libraries\\vendor\\google\\apiclient-services\\autoload.php')
 6 APPPATH\Libraries\vendor\composer\autoload_real.php(45): {closure}('1f87db08236948d07391152dccb70f04', 'D:\\XAMPP\\htdocs\\attendance_system\\app\\Libraries\\vendor\\composer/../google/apiclient-services/autoload.php')
 7 APPPATH\Libraries\vendor\autoload.php(25): ComposerAutoloaderInit770f7a45e3964107abb4198a4ba5b018::getLoader()
 8 APPPATH\Controllers\GoogleLogin.php(16): require_once('D:\\XAMPP\\htdocs\\attendance_system\\app\\Libraries\\vendor\\autoload.php')
 9 SYSTEMPATH\CodeIgniter.php(903): App\Controllers\GoogleLogin->__construct()
10 SYSTEMPATH\CodeIgniter.php(500): CodeIgniter\CodeIgniter->createController()
11 SYSTEMPATH\CodeIgniter.php(355): CodeIgniter\CodeIgniter->handleRequest(null, Object(Config\Cache), false)
12 SYSTEMPATH\Boot.php(325): CodeIgniter\CodeIgniter->run()
13 SYSTEMPATH\Boot.php(67): CodeIgniter\Boot::runCodeIgniter(Object(CodeIgniter\CodeIgniter))
14 FCPATH\index.php(56): CodeIgniter\Boot::bootWeb(Object(Config\Paths))
WARNING - 2025-01-16 11:03:11 --> [DEPRECATED] Return type of Google_Collection::next() should either be compatible with Iterator::next(): void, or the #[\ReturnTypeWillChange] attribute should be used to temporarily suppress the notice in APPPATH\Libraries\vendor\google\apiclient\src\Google\Collection.php on line 40.
 1 VENDORPATH\composer\ClassLoader.php(576): include('D:\\XAMPP\\htdocs\\attendance_system\\app\\Libraries\\vendor\\google\\apiclient\\src\\Google\\Collection.php')
 2 VENDORPATH\composer\ClassLoader.php(427): Composer\Autoload\{closure}('D:\\XAMPP\\htdocs\\attendance_system\\app\\Libraries\\vendor\\composer/../google/apiclient/src\\Google\\Collection.php')
 3 [internal function]: Composer\Autoload\ClassLoader->loadClass('Google_Collection')
 4 APPPATH\Libraries\vendor\google\apiclient-services\autoload.php(21): class_alias('Google_Collection', 'Google\\Collection')
 5 APPPATH\Libraries\vendor\composer\autoload_real.php(41): require('D:\\XAMPP\\htdocs\\attendance_system\\app\\Libraries\\vendor\\google\\apiclient-services\\autoload.php')
 6 APPPATH\Libraries\vendor\composer\autoload_real.php(45): {closure}('1f87db08236948d07391152dccb70f04', 'D:\\XAMPP\\htdocs\\attendance_system\\app\\Libraries\\vendor\\composer/../google/apiclient-services/autoload.php')
 7 APPPATH\Libraries\vendor\autoload.php(25): ComposerAutoloaderInit770f7a45e3964107abb4198a4ba5b018::getLoader()
 8 APPPATH\Controllers\GoogleLogin.php(16): require_once('D:\\XAMPP\\htdocs\\attendance_system\\app\\Libraries\\vendor\\autoload.php')
 9 SYSTEMPATH\CodeIgniter.php(903): App\Controllers\GoogleLogin->__construct()
10 SYSTEMPATH\CodeIgniter.php(500): CodeIgniter\CodeIgniter->createController()
11 SYSTEMPATH\CodeIgniter.php(355): CodeIgniter\CodeIgniter->handleRequest(null, Object(Config\Cache), false)
12 SYSTEMPATH\Boot.php(325): CodeIgniter\CodeIgniter->run()
13 SYSTEMPATH\Boot.php(67): CodeIgniter\Boot::runCodeIgniter(Object(CodeIgniter\CodeIgniter))
14 FCPATH\index.php(56): CodeIgniter\Boot::bootWeb(Object(Config\Paths))
WARNING - 2025-01-16 11:03:11 --> [DEPRECATED] Return type of Google_Collection::key() should either be compatible with Iterator::key(): mixed, or the #[\ReturnTypeWillChange] attribute should be used to temporarily suppress the notice in APPPATH\Libraries\vendor\google\apiclient\src\Google\Collection.php on line 32.
 1 VENDORPATH\composer\ClassLoader.php(576): include('D:\\XAMPP\\htdocs\\attendance_system\\app\\Libraries\\vendor\\google\\apiclient\\src\\Google\\Collection.php')
 2 VENDORPATH\composer\ClassLoader.php(427): Composer\Autoload\{closure}('D:\\XAMPP\\htdocs\\attendance_system\\app\\Libraries\\vendor\\composer/../google/apiclient/src\\Google\\Collection.php')
 3 [internal function]: Composer\Autoload\ClassLoader->loadClass('Google_Collection')
 4 APPPATH\Libraries\vendor\google\apiclient-services\autoload.php(21): class_alias('Google_Collection', 'Google\\Collection')
 5 APPPATH\Libraries\vendor\composer\autoload_real.php(41): require('D:\\XAMPP\\htdocs\\attendance_system\\app\\Libraries\\vendor\\google\\apiclient-services\\autoload.php')
 6 APPPATH\Libraries\vendor\composer\autoload_real.php(45): {closure}('1f87db08236948d07391152dccb70f04', 'D:\\XAMPP\\htdocs\\attendance_system\\app\\Libraries\\vendor\\composer/../google/apiclient-services/autoload.php')
 7 APPPATH\Libraries\vendor\autoload.php(25): ComposerAutoloaderInit770f7a45e3964107abb4198a4ba5b018::getLoader()
 8 APPPATH\Controllers\GoogleLogin.php(16): require_once('D:\\XAMPP\\htdocs\\attendance_system\\app\\Libraries\\vendor\\autoload.php')
 9 SYSTEMPATH\CodeIgniter.php(903): App\Controllers\GoogleLogin->__construct()
10 SYSTEMPATH\CodeIgniter.php(500): CodeIgniter\CodeIgniter->createController()
11 SYSTEMPATH\CodeIgniter.php(355): CodeIgniter\CodeIgniter->handleRequest(null, Object(Config\Cache), false)
12 SYSTEMPATH\Boot.php(325): CodeIgniter\CodeIgniter->run()
13 SYSTEMPATH\Boot.php(67): CodeIgniter\Boot::runCodeIgniter(Object(CodeIgniter\CodeIgniter))
14 FCPATH\index.php(56): CodeIgniter\Boot::bootWeb(Object(Config\Paths))
WARNING - 2025-01-16 11:03:11 --> [DEPRECATED] Return type of Google_Collection::valid() should either be compatible with Iterator::valid(): bool, or the #[\ReturnTypeWillChange] attribute should be used to temporarily suppress the notice in APPPATH\Libraries\vendor\google\apiclient\src\Google\Collection.php on line 45.
 1 VENDORPATH\composer\ClassLoader.php(576): include('D:\\XAMPP\\htdocs\\attendance_system\\app\\Libraries\\vendor\\google\\apiclient\\src\\Google\\Collection.php')
 2 VENDORPATH\composer\ClassLoader.php(427): Composer\Autoload\{closure}('D:\\XAMPP\\htdocs\\attendance_system\\app\\Libraries\\vendor\\composer/../google/apiclient/src\\Google\\Collection.php')
 3 [internal function]: Composer\Autoload\ClassLoader->loadClass('Google_Collection')
 4 APPPATH\Libraries\vendor\google\apiclient-services\autoload.php(21): class_alias('Google_Collection', 'Google\\Collection')
 5 APPPATH\Libraries\vendor\composer\autoload_real.php(41): require('D:\\XAMPP\\htdocs\\attendance_system\\app\\Libraries\\vendor\\google\\apiclient-services\\autoload.php')
 6 APPPATH\Libraries\vendor\composer\autoload_real.php(45): {closure}('1f87db08236948d07391152dccb70f04', 'D:\\XAMPP\\htdocs\\attendance_system\\app\\Libraries\\vendor\\composer/../google/apiclient-services/autoload.php')
 7 APPPATH\Libraries\vendor\autoload.php(25): ComposerAutoloaderInit770f7a45e3964107abb4198a4ba5b018::getLoader()
 8 APPPATH\Controllers\GoogleLogin.php(16): require_once('D:\\XAMPP\\htdocs\\attendance_system\\app\\Libraries\\vendor\\autoload.php')
 9 SYSTEMPATH\CodeIgniter.php(903): App\Controllers\GoogleLogin->__construct()
10 SYSTEMPATH\CodeIgniter.php(500): CodeIgniter\CodeIgniter->createController()
11 SYSTEMPATH\CodeIgniter.php(355): CodeIgniter\CodeIgniter->handleRequest(null, Object(Config\Cache), false)
12 SYSTEMPATH\Boot.php(325): CodeIgniter\CodeIgniter->run()
13 SYSTEMPATH\Boot.php(67): CodeIgniter\Boot::runCodeIgniter(Object(CodeIgniter\CodeIgniter))
14 FCPATH\index.php(56): CodeIgniter\Boot::bootWeb(Object(Config\Paths))
WARNING - 2025-01-16 11:03:11 --> [DEPRECATED] Return type of Google_Collection::rewind() should either be compatible with Iterator::rewind(): void, or the #[\ReturnTypeWillChange] attribute should be used to temporarily suppress the notice in APPPATH\Libraries\vendor\google\apiclient\src\Google\Collection.php on line 16.
 1 VENDORPATH\composer\ClassLoader.php(576): include('D:\\XAMPP\\htdocs\\attendance_system\\app\\Libraries\\vendor\\google\\apiclient\\src\\Google\\Collection.php')
 2 VENDORPATH\composer\ClassLoader.php(427): Composer\Autoload\{closure}('D:\\XAMPP\\htdocs\\attendance_system\\app\\Libraries\\vendor\\composer/../google/apiclient/src\\Google\\Collection.php')
 3 [internal function]: Composer\Autoload\ClassLoader->loadClass('Google_Collection')
 4 APPPATH\Libraries\vendor\google\apiclient-services\autoload.php(21): class_alias('Google_Collection', 'Google\\Collection')
 5 APPPATH\Libraries\vendor\composer\autoload_real.php(41): require('D:\\XAMPP\\htdocs\\attendance_system\\app\\Libraries\\vendor\\google\\apiclient-services\\autoload.php')
 6 APPPATH\Libraries\vendor\composer\autoload_real.php(45): {closure}('1f87db08236948d07391152dccb70f04', 'D:\\XAMPP\\htdocs\\attendance_system\\app\\Libraries\\vendor\\composer/../google/apiclient-services/autoload.php')
 7 APPPATH\Libraries\vendor\autoload.php(25): ComposerAutoloaderInit770f7a45e3964107abb4198a4ba5b018::getLoader()
 8 APPPATH\Controllers\GoogleLogin.php(16): require_once('D:\\XAMPP\\htdocs\\attendance_system\\app\\Libraries\\vendor\\autoload.php')
 9 SYSTEMPATH\CodeIgniter.php(903): App\Controllers\GoogleLogin->__construct()
10 SYSTEMPATH\CodeIgniter.php(500): CodeIgniter\CodeIgniter->createController()
11 SYSTEMPATH\CodeIgniter.php(355): CodeIgniter\CodeIgniter->handleRequest(null, Object(Config\Cache), false)
12 SYSTEMPATH\Boot.php(325): CodeIgniter\CodeIgniter->run()
13 SYSTEMPATH\Boot.php(67): CodeIgniter\Boot::runCodeIgniter(Object(CodeIgniter\CodeIgniter))
14 FCPATH\index.php(56): CodeIgniter\Boot::bootWeb(Object(Config\Paths))
WARNING - 2025-01-16 11:03:11 --> [DEPRECATED] Return type of Google_Collection::count() should either be compatible with Countable::count(): int, or the #[\ReturnTypeWillChange] attribute should be used to temporarily suppress the notice in APPPATH\Libraries\vendor\google\apiclient\src\Google\Collection.php on line 51.
 1 VENDORPATH\composer\ClassLoader.php(576): include('D:\\XAMPP\\htdocs\\attendance_system\\app\\Libraries\\vendor\\google\\apiclient\\src\\Google\\Collection.php')
 2 VENDORPATH\composer\ClassLoader.php(427): Composer\Autoload\{closure}('D:\\XAMPP\\htdocs\\attendance_system\\app\\Libraries\\vendor\\composer/../google/apiclient/src\\Google\\Collection.php')
 3 [internal function]: Composer\Autoload\ClassLoader->loadClass('Google_Collection')
 4 APPPATH\Libraries\vendor\google\apiclient-services\autoload.php(21): class_alias('Google_Collection', 'Google\\Collection')
 5 APPPATH\Libraries\vendor\composer\autoload_real.php(41): require('D:\\XAMPP\\htdocs\\attendance_system\\app\\Libraries\\vendor\\google\\apiclient-services\\autoload.php')
 6 APPPATH\Libraries\vendor\composer\autoload_real.php(45): {closure}('1f87db08236948d07391152dccb70f04', 'D:\\XAMPP\\htdocs\\attendance_system\\app\\Libraries\\vendor\\composer/../google/apiclient-services/autoload.php')
 7 APPPATH\Libraries\vendor\autoload.php(25): ComposerAutoloaderInit770f7a45e3964107abb4198a4ba5b018::getLoader()
 8 APPPATH\Controllers\GoogleLogin.php(16): require_once('D:\\XAMPP\\htdocs\\attendance_system\\app\\Libraries\\vendor\\autoload.php')
 9 SYSTEMPATH\CodeIgniter.php(903): App\Controllers\GoogleLogin->__construct()
10 SYSTEMPATH\CodeIgniter.php(500): CodeIgniter\CodeIgniter->createController()
11 SYSTEMPATH\CodeIgniter.php(355): CodeIgniter\CodeIgniter->handleRequest(null, Object(Config\Cache), false)
12 SYSTEMPATH\Boot.php(325): CodeIgniter\CodeIgniter->run()
13 SYSTEMPATH\Boot.php(67): CodeIgniter\Boot::runCodeIgniter(Object(CodeIgniter\CodeIgniter))
14 FCPATH\index.php(56): CodeIgniter\Boot::bootWeb(Object(Config\Paths))
INFO - 2025-01-16 11:03:11 --> Session: Class initialized using 'CodeIgniter\Session\Handlers\FileHandler' driver.
WARNING - 2025-01-16 11:03:11 --> [DEPRECATED] Creation of dynamic property App\Controllers\GoogleLogin::$session is deprecated in APPPATH\Controllers\BaseController.php on line 59.
 1 SYSTEMPATH\CodeIgniter.php(904): App\Controllers\BaseController->initController(Object(CodeIgniter\HTTP\IncomingRequest), Object(CodeIgniter\HTTP\Response), Object(CodeIgniter\Log\Logger))
 2 SYSTEMPATH\CodeIgniter.php(500): CodeIgniter\CodeIgniter->createController()
 3 SYSTEMPATH\CodeIgniter.php(355): CodeIgniter\CodeIgniter->handleRequest(null, Object(Config\Cache), false)
 4 SYSTEMPATH\Boot.php(325): CodeIgniter\CodeIgniter->run()
 5 SYSTEMPATH\Boot.php(67): CodeIgniter\Boot::runCodeIgniter(Object(CodeIgniter\CodeIgniter))
 6 FCPATH\index.php(56): CodeIgniter\Boot::bootWeb(Object(Config\Paths))
WARNING - 2025-01-16 11:03:11 --> Session: Sessions is enabled, and one exists. Please don't $session->start();
WARNING - 2025-01-16 11:03:12 --> [DEPRECATED] Creation of dynamic property Google\Service\Oauth2::$serviceName is deprecated in APPPATH\Libraries\vendor\google\apiclient-services\src\Oauth2.php on line 67.
 1 APPPATH\Controllers\GoogleLogin.php(46): Google\Service\Oauth2->__construct(Object(Google_Client))
 2 SYSTEMPATH\CodeIgniter.php(933): App\Controllers\GoogleLogin->Callback()
 3 SYSTEMPATH\CodeIgniter.php(509): CodeIgniter\CodeIgniter->runController(Object(App\Controllers\GoogleLogin))
 4 SYSTEMPATH\CodeIgniter.php(355): CodeIgniter\CodeIgniter->handleRequest(null, Object(Config\Cache), false)
 5 SYSTEMPATH\Boot.php(325): CodeIgniter\CodeIgniter->run()
 6 SYSTEMPATH\Boot.php(67): CodeIgniter\Boot::runCodeIgniter(Object(CodeIgniter\CodeIgniter))
 7 FCPATH\index.php(56): CodeIgniter\Boot::bootWeb(Object(Config\Paths))
INFO - 2025-01-16 11:03:14 --> Session: Class initialized using 'CodeIgniter\Session\Handlers\FileHandler' driver.
INFO - 2025-01-16 11:03:20 --> Session: Class initialized using 'CodeIgniter\Session\Handlers\FileHandler' driver.
INFO - 2025-01-16 11:04:08 --> Session: Class initialized using 'CodeIgniter\Session\Handlers\FileHandler' driver.
INFO - 2025-01-16 11:04:12 --> Session: Class initialized using 'CodeIgniter\Session\Handlers\FileHandler' driver.
INFO - 2025-01-16 11:04:20 --> Session: Class initialized using 'CodeIgniter\Session\Handlers\FileHandler' driver.
