INFO - 2025-02-05 14:22:02 --> Session: Class initialized using 'CodeIgniter\Session\Handlers\FileHandler' driver.
WARNING - 2025-02-05 14:22:02 --> [DEPRECATED] Creation of dynamic property App\Controllers\HomeController::$session is deprecated in APPPATH\Controllers\BaseController.php on line 59.
 1 SYSTEMPATH\CodeIgniter.php(904): App\Controllers\BaseController->initController(Object(CodeIgniter\HTTP\IncomingRequest), Object(CodeIgniter\HTTP\Response), Object(CodeIgniter\Log\Logger))
 2 SYSTEMPATH\CodeIgniter.php(500): CodeIgniter\CodeIgniter->createController()
 3 SYSTEMPATH\CodeIgniter.php(355): CodeIgniter\CodeIgniter->handleRequest(null, Object(Config\Cache), false)
 4 SYSTEMPATH\Boot.php(325): CodeIgniter\CodeIgniter->run()
 5 SYSTEMPATH\Boot.php(67): CodeIgniter\Boot::runCodeIgniter(Object(CodeIgniter\CodeIgniter))
 6 FCPATH\index.php(56): CodeIgniter\Boot::bootWeb(Object(Config\Paths))
WARNING - 2025-02-05 14:22:02 --> Session: Sessions is enabled, and one exists. Please don't $session->start();
INFO - 2025-02-05 14:22:08 --> Session: Class initialized using 'CodeIgniter\Session\Handlers\FileHandler' driver.
WARNING - 2025-02-05 14:22:08 --> [DEPRECATED] Creation of dynamic property App\Controllers\Auth::$session is deprecated in APPPATH\Controllers\BaseController.php on line 59.
 1 SYSTEMPATH\CodeIgniter.php(904): App\Controllers\BaseController->initController(Object(CodeIgniter\HTTP\IncomingRequest), Object(CodeIgniter\HTTP\Response), Object(CodeIgniter\Log\Logger))
 2 SYSTEMPATH\CodeIgniter.php(500): CodeIgniter\CodeIgniter->createController()
 3 SYSTEMPATH\CodeIgniter.php(355): CodeIgniter\CodeIgniter->handleRequest(null, Object(Config\Cache), false)
 4 SYSTEMPATH\Boot.php(325): CodeIgniter\CodeIgniter->run()
 5 SYSTEMPATH\Boot.php(67): CodeIgniter\Boot::runCodeIgniter(Object(CodeIgniter\CodeIgniter))
 6 FCPATH\index.php(56): CodeIgniter\Boot::bootWeb(Object(Config\Paths))
WARNING - 2025-02-05 14:22:08 --> Session: Sessions is enabled, and one exists. Please don't $session->start();
INFO - 2025-02-05 14:22:37 --> Session: Class initialized using 'CodeIgniter\Session\Handlers\FileHandler' driver.
WARNING - 2025-02-05 14:22:37 --> [DEPRECATED] Creation of dynamic property App\Controllers\Auth::$session is deprecated in APPPATH\Controllers\BaseController.php on line 59.
 1 SYSTEMPATH\CodeIgniter.php(904): App\Controllers\BaseController->initController(Object(CodeIgniter\HTTP\IncomingRequest), Object(CodeIgniter\HTTP\Response), Object(CodeIgniter\Log\Logger))
 2 SYSTEMPATH\CodeIgniter.php(500): CodeIgniter\CodeIgniter->createController()
 3 SYSTEMPATH\CodeIgniter.php(355): CodeIgniter\CodeIgniter->handleRequest(null, Object(Config\Cache), false)
 4 SYSTEMPATH\Boot.php(325): CodeIgniter\CodeIgniter->run()
 5 SYSTEMPATH\Boot.php(67): CodeIgniter\Boot::runCodeIgniter(Object(CodeIgniter\CodeIgniter))
 6 FCPATH\index.php(56): CodeIgniter\Boot::bootWeb(Object(Config\Paths))
WARNING - 2025-02-05 14:22:37 --> Session: Sessions is enabled, and one exists. Please don't $session->start();
INFO - 2025-02-05 14:22:38 --> Session: Class initialized using 'CodeIgniter\Session\Handlers\FileHandler' driver.
INFO - 2025-02-05 14:22:39 --> Role ID: 65
INFO - 2025-02-05 14:22:39 --> Fetched Permissions for Role 65: Array
(
    [0] => Array
        (
            [permission_name] => create_class
        )

    [1] => Array
        (
            [permission_name] => view_attendance
        )

    [2] => Array
        (
            [permission_name] => delete_class
        )

    [3] => Array
        (
            [permission_name] => show_assigned-courses
        )

)

INFO - 2025-02-05 14:22:39 --> Permissions fetched: Array
(
    [0] => Array
        (
            [permission_name] => create_class
        )

    [1] => Array
        (
            [permission_name] => view_attendance
        )

    [2] => Array
        (
            [permission_name] => delete_class
        )

    [3] => Array
        (
            [permission_name] => show_assigned-courses
        )

)

INFO - 2025-02-05 14:22:39 --> Permission granted: create_class
INFO - 2025-02-05 14:22:39 --> Role ID: 65
INFO - 2025-02-05 14:22:39 --> Fetched Permissions for Role 65: Array
(
    [0] => Array
        (
            [permission_name] => create_class
        )

    [1] => Array
        (
            [permission_name] => view_attendance
        )

    [2] => Array
        (
            [permission_name] => delete_class
        )

    [3] => Array
        (
            [permission_name] => show_assigned-courses
        )

)

INFO - 2025-02-05 14:22:39 --> Permissions fetched: Array
(
    [0] => Array
        (
            [permission_name] => create_class
        )

    [1] => Array
        (
            [permission_name] => view_attendance
        )

    [2] => Array
        (
            [permission_name] => delete_class
        )

    [3] => Array
        (
            [permission_name] => show_assigned-courses
        )

)

INFO - 2025-02-05 14:22:39 --> Permission denied for: show_admin_panel
INFO - 2025-02-05 14:23:00 --> Session: Class initialized using 'CodeIgniter\Session\Handlers\FileHandler' driver.
INFO - 2025-02-05 14:23:00 --> Role ID: 65
INFO - 2025-02-05 14:23:00 --> Fetched Permissions for Role 65: Array
(
    [0] => Array
        (
            [permission_name] => create_class
        )

    [1] => Array
        (
            [permission_name] => view_attendance
        )

    [2] => Array
        (
            [permission_name] => delete_class
        )

    [3] => Array
        (
            [permission_name] => show_assigned-courses
        )

)

INFO - 2025-02-05 14:23:00 --> Permissions fetched: Array
(
    [0] => Array
        (
            [permission_name] => create_class
        )

    [1] => Array
        (
            [permission_name] => view_attendance
        )

    [2] => Array
        (
            [permission_name] => delete_class
        )

    [3] => Array
        (
            [permission_name] => show_assigned-courses
        )

)

INFO - 2025-02-05 14:23:00 --> Permission denied for: show_admin_panel
INFO - 2025-02-05 14:23:04 --> Session: Class initialized using 'CodeIgniter\Session\Handlers\FileHandler' driver.
INFO - 2025-02-05 14:23:04 --> Role ID: 65
INFO - 2025-02-05 14:23:05 --> Fetched Permissions for Role 65: Array
(
    [0] => Array
        (
            [permission_name] => create_class
        )

    [1] => Array
        (
            [permission_name] => view_attendance
        )

    [2] => Array
        (
            [permission_name] => delete_class
        )

    [3] => Array
        (
            [permission_name] => show_assigned-courses
        )

)

INFO - 2025-02-05 14:23:05 --> Permissions fetched: Array
(
    [0] => Array
        (
            [permission_name] => create_class
        )

    [1] => Array
        (
            [permission_name] => view_attendance
        )

    [2] => Array
        (
            [permission_name] => delete_class
        )

    [3] => Array
        (
            [permission_name] => show_assigned-courses
        )

)

INFO - 2025-02-05 14:23:05 --> Permission granted: create_class
INFO - 2025-02-05 14:23:05 --> Role ID: 65
INFO - 2025-02-05 14:23:05 --> Fetched Permissions for Role 65: Array
(
    [0] => Array
        (
            [permission_name] => create_class
        )

    [1] => Array
        (
            [permission_name] => view_attendance
        )

    [2] => Array
        (
            [permission_name] => delete_class
        )

    [3] => Array
        (
            [permission_name] => show_assigned-courses
        )

)

INFO - 2025-02-05 14:23:05 --> Permissions fetched: Array
(
    [0] => Array
        (
            [permission_name] => create_class
        )

    [1] => Array
        (
            [permission_name] => view_attendance
        )

    [2] => Array
        (
            [permission_name] => delete_class
        )

    [3] => Array
        (
            [permission_name] => show_assigned-courses
        )

)

INFO - 2025-02-05 14:23:05 --> Permission denied for: show_admin_panel
